Log file open, 11/18/18 07:38:22
LogWindows: Failed to load 'aqProf.dll' (GetLastError=126)
LogWindows: File 'aqProf.dll' does not exist
LogWindows: Failed to load 'VtuneApi.dll' (GetLastError=126)
LogWindows: File 'VtuneApi.dll' does not exist
LogWindows: Failed to load 'VtuneApi32e.dll' (GetLastError=126)
LogWindows: File 'VtuneApi32e.dll' does not exist
LogConsoleResponse: Display: Failed to find resolution value strings in scalability ini. Falling back to default.
LogInit: Display: Running engine for game: EndlessRunner
LogPakFile: Registered encryption key '00000000000000000000000000000000': 0 pak files mounted, 0 remain pending
LogPlatformFile: Not using cached read wrapper
LogTaskGraph: Started task graph with 5 named threads and 23 total threads with 3 sets of task threads.
LogStats: Stats thread started at 0.339842
LogD3D11RHI: Loaded GFSDK_Aftermath_Lib.x64.dll
LogICUInternationalization: ICU TimeZone Detection - Raw Offset: +0:00, Platform Override: ''
LogPluginManager: Mounting plugin Paper2D
LogPluginManager: Mounting plugin AISupport
LogPluginManager: Mounting plugin LightPropagationVolume
LogPluginManager: Mounting plugin ActorLayerUtilities
LogPluginManager: Mounting plugin CLionSourceCodeAccess
LogPluginManager: Mounting plugin CodeLiteSourceCodeAccess
LogPluginManager: Mounting plugin GitSourceControl
LogPluginManager: Mounting plugin KDevelopSourceCodeAccess
LogPluginManager: Mounting plugin NullSourceCodeAccess
LogPluginManager: Mounting plugin PerforceSourceControl
LogPluginManager: Mounting plugin SubversionSourceControl
LogPluginManager: Mounting plugin UObjectPlugin
LogPluginManager: Mounting plugin VisualStudioCodeSourceCodeAccess
LogPluginManager: Mounting plugin VisualStudioSourceCodeAccess
LogPluginManager: Mounting plugin XCodeSourceCodeAccess
LogPluginManager: Mounting plugin AssetManagerEditor
LogPluginManager: Mounting plugin CryptoKeys
LogPluginManager: Mounting plugin DataValidation
LogPluginManager: Mounting plugin FacialAnimation
LogPluginManager: Mounting plugin GameplayTagsEditor
LogPluginManager: Mounting plugin MacGraphicsSwitching
LogPluginManager: Mounting plugin MeshEditor
LogPluginManager: Mounting plugin MobileLauncherProfileWizard
LogPluginManager: Mounting plugin PluginBrowser
LogPluginManager: Mounting plugin SpeedTreeImporter
LogPluginManager: Mounting plugin DatasmithContent
LogPluginManager: Mounting plugin VariantManagerContent
LogPluginManager: Mounting plugin AlembicImporter
LogPluginManager: Mounting plugin AppleImageUtils
LogPluginManager: Mounting plugin AppleVision
LogPluginManager: Mounting plugin BackChannel
LogPluginManager: Mounting plugin CharacterAI
LogPluginManager: Mounting plugin GeometryCache
LogPluginManager: Mounting plugin HTML5Networking
LogPluginManager: Mounting plugin ProxyLODPlugin
LogPluginManager: Mounting plugin MagicLeap
LogPluginManager: Mounting plugin MagicLeapMedia
LogPluginManager: Mounting plugin AndroidMedia
LogPluginManager: Mounting plugin AvfMedia
LogPluginManager: Mounting plugin ImgMedia
LogPluginManager: Mounting plugin LinearTimecode
LogPluginManager: Mounting plugin MediaCompositing
LogPluginManager: Mounting plugin MediaPlayerEditor
LogPluginManager: Mounting plugin WebMMedia
LogPluginManager: Mounting plugin WmfMedia
LogPluginManager: Mounting plugin TcpMessaging
LogPluginManager: Mounting plugin UdpMessaging
LogPluginManager: Mounting plugin ActorSequence
LogPluginManager: Mounting plugin LevelSequenceEditor
LogPluginManager: Mounting plugin MatineeToLevelSequence
LogPluginManager: Mounting plugin NetcodeUnitTest
LogPluginManager: Mounting plugin NUTUnrealEngine4
LogPluginManager: Mounting plugin OnlineSubsystemGooglePlay
LogPluginManager: Mounting plugin OnlineSubsystemIOS
LogPluginManager: Mounting plugin OnlineSubsystem
LogPluginManager: Mounting plugin OnlineSubsystemNull
LogPluginManager: Mounting plugin OnlineSubsystemUtils
LogPluginManager: Mounting plugin LauncherChunkInstaller
LogPluginManager: Mounting plugin AndroidDeviceProfileSelector
LogPluginManager: Mounting plugin AndroidMoviePlayer
LogPluginManager: Mounting plugin AndroidPermission
LogPluginManager: Mounting plugin AppleMoviePlayer
LogPluginManager: Mounting plugin ArchVisCharacter
LogPluginManager: Mounting plugin AudioCapture
LogPluginManager: Mounting plugin CableComponent
LogPluginManager: Mounting plugin CustomMeshComponent
LogPluginManager: Mounting plugin EditableMesh
LogPluginManager: Mounting plugin ExampleDeviceProfileSelector
LogPluginManager: Mounting plugin Firebase
LogPluginManager: Mounting plugin GoogleCloudMessaging
LogPluginManager: Mounting plugin IOSDeviceProfileSelector
LogPluginManager: Mounting plugin LinuxDeviceProfileSelector
LogPluginManager: Mounting plugin LocationServicesBPLibrary
LogPluginManager: Mounting plugin MobilePatchingUtils
LogPluginManager: Mounting plugin OculusVR
LogPluginManager: Mounting plugin PhysXVehicles
LogPluginManager: Mounting plugin ProceduralMeshComponent
LogPluginManager: Mounting plugin RuntimePhysXCooking
LogPluginManager: Mounting plugin SteamVR
LogPluginManager: Mounting plugin WebMMoviePlayer
LogPluginManager: Mounting plugin WindowsMoviePlayer
LogStreaming: Display: Took  0.129s to configure plugins.
LogInit: Using libcurl 7.55.1-DEV
LogInit:  - built for x86_64-pc-win32
LogInit:  - supports SSL with OpenSSL/1.0.2h
LogInit:  - supports HTTP deflate (compression) using libz 1.2.8
LogInit:  - other features:
LogInit:      CURL_VERSION_SSL
LogInit:      CURL_VERSION_LIBZ
LogInit:      CURL_VERSION_IPV6
LogInit:      CURL_VERSION_ASYNCHDNS
LogInit:      CURL_VERSION_LARGEFILE
LogInit:      CURL_VERSION_IDN
LogInit:  CurlRequestOptions (configurable via config and command line):
LogInit:  - bVerifyPeer = true  - Libcurl will verify peer certificate
LogInit:  - bUseHttpProxy = false  - Libcurl will NOT use HTTP proxy
LogInit:  - bDontReuseConnections = false  - Libcurl will reuse connections
LogInit:  - MaxHostConnections = 16  - Libcurl will limit the number of connections to a host
LogInit:  - LocalHostAddr = Default
LogInit:  - BufferSize = 65536
LogInit: WinSock: version 1.1 (2.2), MaxSocks=32767, MaxUdp=65467
LogInit: Build: ++UE4+Release-4.21-CL-4541578
LogInit: Engine Version: 4.21.0-4541578+++UE4+Release-4.21
LogInit: Compatible Engine Version: 4.21.0-4541578+++UE4+Release-4.21
LogInit: Net CL: 4541578
LogInit: OS: Windows 10 (), CPU: Intel(R) Core(TM) i5-8250U CPU @ 1.60GHz, GPU: Intel(R) UHD Graphics 620
LogInit: Compiled (64-bit): Nov  6 2018 02:04:24
LogInit: Compiled with Visual C++: 19.13.26129.00
LogInit: Build Configuration: Development
LogInit: Branch Name: ++UE4+Release-4.21
LogInit: Command Line: 
LogInit: Base Directory: C:/Program Files/Epic Games/UE_4.21/Engine/Binaries/Win64/
LogInit: Installed Engine Build: 1
LogDevObjectVersion: Number of dev versions registered: 22
LogDevObjectVersion:   Dev-Blueprints (B0D832E4-1F89-4F0D-ACCF-7EB736FD4AA2): 10
LogDevObjectVersion:   Dev-Build (E1C64328-A22C-4D53-A36C-8E866417BD8C): 0
LogDevObjectVersion:   Dev-Core (375EC13C-06E4-48FB-B500-84F0262A717E): 2
LogDevObjectVersion:   Dev-Editor (E4B068ED-F494-42E9-A231-DA0B2E46BB41): 26
LogDevObjectVersion:   Dev-Framework (CFFC743F-43B0-4480-9391-14DF171D2073): 34
LogDevObjectVersion:   Dev-Mobile (B02B49B5-BB20-44E9-A304-32B752E40360): 2
LogDevObjectVersion:   Dev-Networking (A4E4105C-59A1-49B5-A7C5-40C4547EDFEE): 0
LogDevObjectVersion:   Dev-Online (39C831C9-5AE6-47DC-9A44-9C173E1C8E7C): 0
LogDevObjectVersion:   Dev-Physics (78F01B33-EBEA-4F98-B9B4-84EACCB95AA2): 0
LogDevObjectVersion:   Dev-Platform (6631380F-2D4D-43E0-8009-CF276956A95A): 0
LogDevObjectVersion:   Dev-Rendering (12F88B9F-8875-4AFC-A67C-D90C383ABD29): 27
LogDevObjectVersion:   Dev-Sequencer (7B5AE74C-D270-4C10-A958-57980B212A5A): 9
LogDevObjectVersion:   Dev-VR (D7296918-1DD6-4BDD-9DE2-64A83CC13884): 2
LogDevObjectVersion:   Dev-LoadTimes (C2A15278-BFE7-4AFE-6C17-90FF531DF755): 1
LogDevObjectVersion:   Private-Geometry (6EACA3D4-40EC-4CC1-B786-8BED09428FC5): 3
LogDevObjectVersion:   Dev-AnimPhys (29E575DD-E0A3-4627-9D10-D276232CDCEA): 17
LogDevObjectVersion:   Dev-Anim (AF43A65D-7FD3-4947-9873-3E8ED9C1BB05): 2
LogDevObjectVersion:   Dev-ReflectionCapture (6B266CEC-1EC7-4B8F-A30B-E4D90942FC07): 1
LogDevObjectVersion:   Dev-Automation (0DF73D61-A23F-47EA-B727-89E90C41499A): 1
LogDevObjectVersion:   FortniteMain (601D1886-AC64-4F84-AA16-D3DE0DEAC7D6): 17
LogDevObjectVersion:   Dev-Enterprise (9DFFBCD6-494F-0158-E221-12823C92A888): 4
LogDevObjectVersion:   Dev-Niagara (F2AED0AC-9AFE-416F-8664-AA7FFA26D6FC): 1
LogStreaming: Display: Took  0.001s to delete old logs.
LogInit: Presizing for max 8388607 objects, including 0 objects not considered by GC, pre-allocating 0 bytes for permanent pool.
LogInit: Object subsystem initialized
LogConfig: Setting CVar [[con.DebugEarlyDefault:1]]
LogConfig: Setting CVar [[r.setres:1280x720]]
[2018.11.18-07.38.22:979][  0]LogConfig: Setting CVar [[r.VSync:0]]
[2018.11.18-07.38.22:979][  0]LogConfig: Setting CVar [[r.RHICmdBypass:0]]
[2018.11.18-07.38.22:980][  0]LogConfig: Applying CVar settings from Section [/Script/Engine.RendererSettings] File [C:/Users/Lightning Mcqueen/Documents/Unreal Projects/EndlessRunner/Saved/Config/Windows/Engine.ini]
[2018.11.18-07.38.22:980][  0]LogConfig: Setting CVar [[r.GPUCrashDebugging:0]]
[2018.11.18-07.38.22:980][  0]LogConfig: Applying CVar settings from Section [/Script/Engine.RendererOverrideSettings] File [C:/Users/Lightning Mcqueen/Documents/Unreal Projects/EndlessRunner/Saved/Config/Windows/Engine.ini]
[2018.11.18-07.38.22:980][  0]LogConfig: Applying CVar settings from Section [/Script/Engine.StreamingSettings] File [C:/Users/Lightning Mcqueen/Documents/Unreal Projects/EndlessRunner/Saved/Config/Windows/Engine.ini]
[2018.11.18-07.38.22:980][  0]LogConfig: Setting CVar [[s.MinBulkDataSizeForAsyncLoading:131072]]
[2018.11.18-07.38.22:980][  0]LogConfig: Setting CVar [[s.AsyncLoadingThreadEnabled:0]]
[2018.11.18-07.38.22:980][  0]LogConfig: Setting CVar [[s.EventDrivenLoaderEnabled:1]]
[2018.11.18-07.38.22:980][  0]LogConfig: Setting CVar [[s.WarnIfTimeLimitExceeded:0]]
[2018.11.18-07.38.22:980][  0]LogConfig: Setting CVar [[s.TimeLimitExceededMultiplier:1.5]]
[2018.11.18-07.38.22:980][  0]LogConfig: Setting CVar [[s.TimeLimitExceededMinTime:0.005]]
[2018.11.18-07.38.22:980][  0]LogConfig: Setting CVar [[s.UseBackgroundLevelStreaming:1]]
[2018.11.18-07.38.22:980][  0]LogConfig: Setting CVar [[s.PriorityAsyncLoadingExtraTime:15.0]]
[2018.11.18-07.38.22:980][  0]LogConfig: Setting CVar [[s.LevelStreamingActorsUpdateTimeLimit:5.0]]
[2018.11.18-07.38.22:980][  0]LogConfig: Setting CVar [[s.PriorityLevelStreamingActorsUpdateExtraTime:5.0]]
[2018.11.18-07.38.22:980][  0]LogConfig: Setting CVar [[s.LevelStreamingComponentsRegistrationGranularity:10]]
[2018.11.18-07.38.22:980][  0]LogConfig: Setting CVar [[s.UnregisterComponentsTimeLimit:1.0]]
[2018.11.18-07.38.22:980][  0]LogConfig: Setting CVar [[s.LevelStreamingComponentsUnregistrationGranularity:5]]
[2018.11.18-07.38.22:980][  0]LogConfig: Applying CVar settings from Section [/Script/Engine.GarbageCollectionSettings] File [C:/Users/Lightning Mcqueen/Documents/Unreal Projects/EndlessRunner/Saved/Config/Windows/Engine.ini]
[2018.11.18-07.38.22:980][  0]LogConfig: Setting CVar [[gc.MaxObjectsNotConsideredByGC:1]]
[2018.11.18-07.38.22:980][  0]LogConfig: Setting CVar [[gc.SizeOfPermanentObjectPool:0]]
[2018.11.18-07.38.22:980][  0]LogConfig: Setting CVar [[gc.FlushStreamingOnGC:0]]
[2018.11.18-07.38.22:980][  0]LogConfig: Setting CVar [[gc.NumRetriesBeforeForcingGC:10]]
[2018.11.18-07.38.22:980][  0]LogConfig: Setting CVar [[gc.AllowParallelGC:1]]
[2018.11.18-07.38.22:980][  0]LogConfig: Setting CVar [[gc.TimeBetweenPurgingPendingKillObjects:61.1]]
[2018.11.18-07.38.22:980][  0]LogConfig: Setting CVar [[gc.MaxObjectsInEditor:8388607]]
[2018.11.18-07.38.22:980][  0]LogConfig: Setting CVar [[gc.IncrementalBeginDestroyEnabled:1]]
[2018.11.18-07.38.22:980][  0]LogConfig: Setting CVar [[gc.CreateGCClusters:1]]
[2018.11.18-07.38.22:980][  0]LogConfig: Setting CVar [[gc.MergeGCClusters:0]]
[2018.11.18-07.38.22:980][  0]LogConfig: Setting CVar [[gc.MinGCClusterSize:5]]
[2018.11.18-07.38.22:980][  0]LogConfig: Setting CVar [[gc.ActorClusteringEnabled:0]]
[2018.11.18-07.38.22:980][  0]LogConfig: Setting CVar [[gc.BlueprintClusteringEnabled:0]]
[2018.11.18-07.38.22:980][  0]LogConfig: Setting CVar [[gc.UseDisregardForGCOnDedicatedServers:0]]
[2018.11.18-07.38.22:980][  0]LogConfig: Applying CVar settings from Section [/Script/Engine.NetworkSettings] File [C:/Users/Lightning Mcqueen/Documents/Unreal Projects/EndlessRunner/Saved/Config/Windows/Engine.ini]
[2018.11.18-07.38.22:981][  0]LogConfig: Applying CVar settings from Section [/Script/UnrealEd.CookerSettings] File [C:/Users/Lightning Mcqueen/Documents/Unreal Projects/EndlessRunner/Saved/Config/Windows/Engine.ini]
[2018.11.18-07.38.22:985][  0]LogConfig: Applying CVar settings from Section [ViewDistanceQuality@3] File [C:/Users/Lightning Mcqueen/Documents/Unreal Projects/EndlessRunner/Saved/Config/Windows/Scalability.ini]
[2018.11.18-07.38.22:985][  0]LogConfig: Setting CVar [[r.SkeletalMeshLODBias:0]]
[2018.11.18-07.38.22:985][  0]LogConfig: Setting CVar [[r.ViewDistanceScale:1.0]]
[2018.11.18-07.38.22:985][  0]LogConfig: Applying CVar settings from Section [AntiAliasingQuality@3] File [C:/Users/Lightning Mcqueen/Documents/Unreal Projects/EndlessRunner/Saved/Config/Windows/Scalability.ini]
[2018.11.18-07.38.22:985][  0]LogConfig: Setting CVar [[r.PostProcessAAQuality:4]]
[2018.11.18-07.38.22:985][  0]LogConfig: Applying CVar settings from Section [ShadowQuality@3] File [C:/Users/Lightning Mcqueen/Documents/Unreal Projects/EndlessRunner/Saved/Config/Windows/Scalability.ini]
[2018.11.18-07.38.22:985][  0]LogConfig: Setting CVar [[r.LightFunctionQuality:1]]
[2018.11.18-07.38.22:985][  0]LogConfig: Setting CVar [[r.ShadowQuality:5]]
[2018.11.18-07.38.22:985][  0]LogConfig: Setting CVar [[r.Shadow.CSM.MaxCascades:10]]
[2018.11.18-07.38.22:985][  0]LogConfig: Setting CVar [[r.Shadow.MaxResolution:2048]]
[2018.11.18-07.38.22:985][  0]LogConfig: Setting CVar [[r.Shadow.MaxCSMResolution:2048]]
[2018.11.18-07.38.22:985][  0]LogConfig: Setting CVar [[r.Shadow.RadiusThreshold:0.01]]
[2018.11.18-07.38.22:985][  0]LogConfig: Setting CVar [[r.Shadow.DistanceScale:1.0]]
[2018.11.18-07.38.22:985][  0]LogConfig: Setting CVar [[r.Shadow.CSM.TransitionScale:1.0]]
[2018.11.18-07.38.22:985][  0]LogConfig: Setting CVar [[r.Shadow.PreShadowResolutionFactor:1.0]]
[2018.11.18-07.38.22:985][  0]LogConfig: Setting CVar [[r.DistanceFieldShadowing:1]]
[2018.11.18-07.38.22:985][  0]LogConfig: Setting CVar [[r.DistanceFieldAO:1]]
[2018.11.18-07.38.22:985][  0]LogConfig: Setting CVar [[r.AOQuality:2]]
[2018.11.18-07.38.22:985][  0]LogConfig: Setting CVar [[r.VolumetricFog:1]]
[2018.11.18-07.38.22:985][  0]LogConfig: Setting CVar [[r.VolumetricFog.GridPixelSize:8]]
[2018.11.18-07.38.22:985][  0]LogConfig: Setting CVar [[r.VolumetricFog.GridSizeZ:128]]
[2018.11.18-07.38.22:985][  0]LogConfig: Setting CVar [[r.VolumetricFog.HistoryMissSupersampleCount:4]]
[2018.11.18-07.38.22:985][  0]LogConfig: Setting CVar [[r.LightMaxDrawDistanceScale:1]]
[2018.11.18-07.38.22:985][  0]LogConfig: Setting CVar [[r.CapsuleShadows:1]]
[2018.11.18-07.38.22:985][  0]LogConfig: Applying CVar settings from Section [PostProcessQuality@3] File [C:/Users/Lightning Mcqueen/Documents/Unreal Projects/EndlessRunner/Saved/Config/Windows/Scalability.ini]
[2018.11.18-07.38.22:985][  0]LogConfig: Setting CVar [[r.MotionBlurQuality:4]]
[2018.11.18-07.38.22:985][  0]LogConfig: Setting CVar [[r.AmbientOcclusionMipLevelFactor:0.4]]
[2018.11.18-07.38.22:985][  0]LogConfig: Setting CVar [[r.AmbientOcclusionMaxQuality:100]]
[2018.11.18-07.38.22:985][  0]LogConfig: Setting CVar [[r.AmbientOcclusionLevels:-1]]
[2018.11.18-07.38.22:985][  0]LogConfig: Setting CVar [[r.AmbientOcclusionRadiusScale:1.0]]
[2018.11.18-07.38.22:985][  0]LogConfig: Setting CVar [[r.DepthOfFieldQuality:2]]
[2018.11.18-07.38.22:985][  0]LogConfig: Setting CVar [[r.RenderTargetPoolMin:400]]
[2018.11.18-07.38.22:985][  0]LogConfig: Setting CVar [[r.LensFlareQuality:2]]
[2018.11.18-07.38.22:986][  0]LogConfig: Setting CVar [[r.SceneColorFringeQuality:1]]
[2018.11.18-07.38.22:986][  0]LogConfig: Setting CVar [[r.EyeAdaptationQuality:2]]
[2018.11.18-07.38.22:986][  0]LogConfig: Setting CVar [[r.BloomQuality:5]]
[2018.11.18-07.38.22:986][  0]LogConfig: Setting CVar [[r.FastBlurThreshold:100]]
[2018.11.18-07.38.22:986][  0]LogConfig: Setting CVar [[r.Upscale.Quality:3]]
[2018.11.18-07.38.22:986][  0]LogConfig: Setting CVar [[r.Tonemapper.GrainQuantization:1]]
[2018.11.18-07.38.22:986][  0]LogConfig: Setting CVar [[r.LightShaftQuality:1]]
[2018.11.18-07.38.22:986][  0]LogConfig: Setting CVar [[r.Filter.SizeScale:1]]
[2018.11.18-07.38.22:986][  0]LogConfig: Setting CVar [[r.Tonemapper.Quality:5]]
[2018.11.18-07.38.22:986][  0]LogConfig: Setting CVar [[r.DOF.Gather.AccumulatorQuality:1        ; higher gathering accumulator quality]]
[2018.11.18-07.38.22:986][  0]LogConfig: Setting CVar [[r.DOF.Gather.PostfilterMethod:1          ; Median3x3 postfilering method]]
[2018.11.18-07.38.22:986][  0]LogConfig: Setting CVar [[r.DOF.Gather.EnableBokehSettings:0       ; no bokeh simulation when gathering]]
[2018.11.18-07.38.22:986][  0]LogConfig: Setting CVar [[r.DOF.Gather.RingCount:4                 ; medium number of samples when gathering]]
[2018.11.18-07.38.22:986][  0]LogConfig: Setting CVar [[r.DOF.Scatter.ForegroundCompositing:1    ; additive foreground scattering]]
[2018.11.18-07.38.22:986][  0]LogConfig: Setting CVar [[r.DOF.Scatter.BackgroundCompositing:2    ; additive background scattering]]
[2018.11.18-07.38.22:986][  0]LogConfig: Setting CVar [[r.DOF.Scatter.EnableBokehSettings:1      ; bokeh simulation when scattering]]
[2018.11.18-07.38.22:986][  0]LogConfig: Setting CVar [[r.DOF.Scatter.MaxSpriteRatio:0.1         ; only a maximum of 10% of scattered bokeh]]
[2018.11.18-07.38.22:986][  0]LogConfig: Setting CVar [[r.DOF.Recombine.Quality:1                ; cheap slight out of focus]]
[2018.11.18-07.38.22:986][  0]LogConfig: Setting CVar [[r.DOF.Recombine.EnableBokehSettings:0    ; no bokeh simulation on slight out of focus]]
[2018.11.18-07.38.22:986][  0]LogConfig: Setting CVar [[r.DOF.TemporalAAQuality:1                ; more stable temporal accumulation]]
[2018.11.18-07.38.22:986][  0]LogConfig: Setting CVar [[r.DOF.Kernel.MaxForegroundRadius:0.025]]
[2018.11.18-07.38.22:986][  0]LogConfig: Setting CVar [[r.DOF.Kernel.MaxBackgroundRadius:0.025]]
[2018.11.18-07.38.22:986][  0]LogConfig: Applying CVar settings from Section [TextureQuality@3] File [C:/Users/Lightning Mcqueen/Documents/Unreal Projects/EndlessRunner/Saved/Config/Windows/Scalability.ini]
[2018.11.18-07.38.22:986][  0]LogConfig: Setting CVar [[r.Streaming.MipBias:0]]
[2018.11.18-07.38.22:986][  0]LogConfig: Setting CVar [[r.Streaming.AmortizeCPUToGPUCopy:0]]
[2018.11.18-07.38.22:986][  0]LogConfig: Setting CVar [[r.Streaming.MaxNumTexturesToStreamPerFrame:0]]
[2018.11.18-07.38.22:986][  0]LogConfig: Setting CVar [[r.Streaming.Boost:1]]
[2018.11.18-07.38.22:986][  0]LogConfig: Setting CVar [[r.MaxAnisotropy:8]]
[2018.11.18-07.38.22:986][  0]LogConfig: Setting CVar [[r.Streaming.LimitPoolSizeToVRAM:0]]
[2018.11.18-07.38.22:986][  0]LogConfig: Setting CVar [[r.Streaming.PoolSize:1000]]
[2018.11.18-07.38.22:986][  0]LogConfig: Setting CVar [[r.Streaming.MaxEffectiveScreenSize:0]]
[2018.11.18-07.38.22:986][  0]LogConfig: Applying CVar settings from Section [EffectsQuality@3] File [C:/Users/Lightning Mcqueen/Documents/Unreal Projects/EndlessRunner/Saved/Config/Windows/Scalability.ini]
[2018.11.18-07.38.22:986][  0]LogConfig: Setting CVar [[r.TranslucencyLightingVolumeDim:64]]
[2018.11.18-07.38.22:986][  0]LogConfig: Setting CVar [[r.RefractionQuality:2]]
[2018.11.18-07.38.22:986][  0]LogConfig: Setting CVar [[r.SSR.Quality:3]]
[2018.11.18-07.38.22:986][  0]LogConfig: Setting CVar [[r.SceneColorFormat:4]]
[2018.11.18-07.38.22:986][  0]LogConfig: Setting CVar [[r.DetailMode:2]]
[2018.11.18-07.38.22:986][  0]LogConfig: Setting CVar [[r.TranslucencyVolumeBlur:1]]
[2018.11.18-07.38.22:986][  0]LogConfig: Setting CVar [[r.MaterialQualityLevel:1 ; High quality]]
[2018.11.18-07.38.22:986][  0]LogConfig: Setting CVar [[r.SSS.Scale:1]]
[2018.11.18-07.38.22:986][  0]LogConfig: Setting CVar [[r.SSS.SampleSet:2]]
[2018.11.18-07.38.22:986][  0]LogConfig: Setting CVar [[r.SSS.Quality:1]]
[2018.11.18-07.38.22:986][  0]LogConfig: Setting CVar [[r.SSS.HalfRes:1]]
[2018.11.18-07.38.22:986][  0]LogConfig: Setting CVar [[r.EmitterSpawnRateScale:1.0]]
[2018.11.18-07.38.22:986][  0]LogConfig: Setting CVar [[r.ParticleLightQuality:2]]
[2018.11.18-07.38.22:986][  0]LogConfig: Applying CVar settings from Section [FoliageQuality@3] File [C:/Users/Lightning Mcqueen/Documents/Unreal Projects/EndlessRunner/Saved/Config/Windows/Scalability.ini]
[2018.11.18-07.38.22:986][  0]LogConfig: Setting CVar [[foliage.DensityScale:1.0]]
[2018.11.18-07.38.22:986][  0]LogConfig: Setting CVar [[grass.DensityScale:1.0]]
[2018.11.18-07.38.22:987][  0]LogInit: Selected Device Profile: [Windows]
[2018.11.18-07.38.22:987][  0]LogInit: Applying CVar settings loaded from the selected device profile: [Windows]
[2018.11.18-07.38.23:007][  0]LogHAL: Display: Platform has ~ 4 GB [4172500992 / 4294967296 / 4], which maps to Smallest [LargestMinGB=32, LargerMinGB=12, DefaultMinGB=8, SmallerMinGB=6, SmallestMinGB=0)
[2018.11.18-07.38.23:008][  0]LogConfig: Setting CVar [[r.Vulkan.UseRealUBs:1]]
[2018.11.18-07.38.23:008][  0]LogInit: Going up to parent DeviceProfile []
[2018.11.18-07.38.23:008][  0]LogConfig: Applying CVar settings from Section [ViewDistanceQuality@3] File [C:/Users/Lightning Mcqueen/Documents/Unreal Projects/EndlessRunner/Saved/Config/Windows/Scalability.ini]
[2018.11.18-07.38.23:008][  0]LogConfig: Setting CVar [[r.SkeletalMeshLODBias:0]]
[2018.11.18-07.38.23:008][  0]LogConfig: Setting CVar [[r.ViewDistanceScale:1.0]]
[2018.11.18-07.38.23:008][  0]LogConfig: Applying CVar settings from Section [AntiAliasingQuality@3] File [C:/Users/Lightning Mcqueen/Documents/Unreal Projects/EndlessRunner/Saved/Config/Windows/Scalability.ini]
[2018.11.18-07.38.23:008][  0]LogConfig: Setting CVar [[r.PostProcessAAQuality:4]]
[2018.11.18-07.38.23:008][  0]LogConfig: Applying CVar settings from Section [ShadowQuality@3] File [C:/Users/Lightning Mcqueen/Documents/Unreal Projects/EndlessRunner/Saved/Config/Windows/Scalability.ini]
[2018.11.18-07.38.23:008][  0]LogConfig: Setting CVar [[r.LightFunctionQuality:1]]
[2018.11.18-07.38.23:008][  0]LogConfig: Setting CVar [[r.ShadowQuality:5]]
[2018.11.18-07.38.23:008][  0]LogConfig: Setting CVar [[r.Shadow.CSM.MaxCascades:10]]
[2018.11.18-07.38.23:008][  0]LogConfig: Setting CVar [[r.Shadow.MaxResolution:2048]]
[2018.11.18-07.38.23:008][  0]LogConfig: Setting CVar [[r.Shadow.MaxCSMResolution:2048]]
[2018.11.18-07.38.23:008][  0]LogConfig: Setting CVar [[r.Shadow.RadiusThreshold:0.01]]
[2018.11.18-07.38.23:008][  0]LogConfig: Setting CVar [[r.Shadow.DistanceScale:1.0]]
[2018.11.18-07.38.23:009][  0]LogConfig: Setting CVar [[r.Shadow.CSM.TransitionScale:1.0]]
[2018.11.18-07.38.23:009][  0]LogConfig: Setting CVar [[r.Shadow.PreShadowResolutionFactor:1.0]]
[2018.11.18-07.38.23:009][  0]LogConfig: Setting CVar [[r.DistanceFieldShadowing:1]]
[2018.11.18-07.38.23:009][  0]LogConfig: Setting CVar [[r.DistanceFieldAO:1]]
[2018.11.18-07.38.23:009][  0]LogConfig: Setting CVar [[r.AOQuality:2]]
[2018.11.18-07.38.23:009][  0]LogConfig: Setting CVar [[r.VolumetricFog:1]]
[2018.11.18-07.38.23:009][  0]LogConfig: Setting CVar [[r.VolumetricFog.GridPixelSize:8]]
[2018.11.18-07.38.23:009][  0]LogConfig: Setting CVar [[r.VolumetricFog.GridSizeZ:128]]
[2018.11.18-07.38.23:009][  0]LogConfig: Setting CVar [[r.VolumetricFog.HistoryMissSupersampleCount:4]]
[2018.11.18-07.38.23:009][  0]LogConfig: Setting CVar [[r.LightMaxDrawDistanceScale:1]]
[2018.11.18-07.38.23:009][  0]LogConfig: Setting CVar [[r.CapsuleShadows:1]]
[2018.11.18-07.38.23:009][  0]LogConfig: Applying CVar settings from Section [PostProcessQuality@3] File [C:/Users/Lightning Mcqueen/Documents/Unreal Projects/EndlessRunner/Saved/Config/Windows/Scalability.ini]
[2018.11.18-07.38.23:009][  0]LogConfig: Setting CVar [[r.MotionBlurQuality:4]]
[2018.11.18-07.38.23:009][  0]LogConfig: Setting CVar [[r.AmbientOcclusionMipLevelFactor:0.4]]
[2018.11.18-07.38.23:009][  0]LogConfig: Setting CVar [[r.AmbientOcclusionMaxQuality:100]]
[2018.11.18-07.38.23:009][  0]LogConfig: Setting CVar [[r.AmbientOcclusionLevels:-1]]
[2018.11.18-07.38.23:009][  0]LogConfig: Setting CVar [[r.AmbientOcclusionRadiusScale:1.0]]
[2018.11.18-07.38.23:009][  0]LogConfig: Setting CVar [[r.DepthOfFieldQuality:2]]
[2018.11.18-07.38.23:009][  0]LogConfig: Setting CVar [[r.RenderTargetPoolMin:400]]
[2018.11.18-07.38.23:009][  0]LogConfig: Setting CVar [[r.LensFlareQuality:2]]
[2018.11.18-07.38.23:009][  0]LogConfig: Setting CVar [[r.SceneColorFringeQuality:1]]
[2018.11.18-07.38.23:009][  0]LogConfig: Setting CVar [[r.EyeAdaptationQuality:2]]
[2018.11.18-07.38.23:010][  0]LogConfig: Setting CVar [[r.BloomQuality:5]]
[2018.11.18-07.38.23:010][  0]LogConfig: Setting CVar [[r.FastBlurThreshold:100]]
[2018.11.18-07.38.23:010][  0]LogConfig: Setting CVar [[r.Upscale.Quality:3]]
[2018.11.18-07.38.23:010][  0]LogConfig: Setting CVar [[r.Tonemapper.GrainQuantization:1]]
[2018.11.18-07.38.23:010][  0]LogConfig: Setting CVar [[r.LightShaftQuality:1]]
[2018.11.18-07.38.23:010][  0]LogConfig: Setting CVar [[r.Filter.SizeScale:1]]
[2018.11.18-07.38.23:010][  0]LogConfig: Setting CVar [[r.Tonemapper.Quality:5]]
[2018.11.18-07.38.23:010][  0]LogConfig: Setting CVar [[r.DOF.Gather.AccumulatorQuality:1        ; higher gathering accumulator quality]]
[2018.11.18-07.38.23:010][  0]LogConfig: Setting CVar [[r.DOF.Gather.PostfilterMethod:1          ; Median3x3 postfilering method]]
[2018.11.18-07.38.23:010][  0]LogConfig: Setting CVar [[r.DOF.Gather.EnableBokehSettings:0       ; no bokeh simulation when gathering]]
[2018.11.18-07.38.23:010][  0]LogConfig: Setting CVar [[r.DOF.Gather.RingCount:4                 ; medium number of samples when gathering]]
[2018.11.18-07.38.23:010][  0]LogConfig: Setting CVar [[r.DOF.Scatter.ForegroundCompositing:1    ; additive foreground scattering]]
[2018.11.18-07.38.23:010][  0]LogConfig: Setting CVar [[r.DOF.Scatter.BackgroundCompositing:2    ; additive background scattering]]
[2018.11.18-07.38.23:010][  0]LogConfig: Setting CVar [[r.DOF.Scatter.EnableBokehSettings:1      ; bokeh simulation when scattering]]
[2018.11.18-07.38.23:010][  0]LogConfig: Setting CVar [[r.DOF.Scatter.MaxSpriteRatio:0.1         ; only a maximum of 10% of scattered bokeh]]
[2018.11.18-07.38.23:010][  0]LogConfig: Setting CVar [[r.DOF.Recombine.Quality:1                ; cheap slight out of focus]]
[2018.11.18-07.38.23:010][  0]LogConfig: Setting CVar [[r.DOF.Recombine.EnableBokehSettings:0    ; no bokeh simulation on slight out of focus]]
[2018.11.18-07.38.23:010][  0]LogConfig: Setting CVar [[r.DOF.TemporalAAQuality:1                ; more stable temporal accumulation]]
[2018.11.18-07.38.23:010][  0]LogConfig: Setting CVar [[r.DOF.Kernel.MaxForegroundRadius:0.025]]
[2018.11.18-07.38.23:010][  0]LogConfig: Setting CVar [[r.DOF.Kernel.MaxBackgroundRadius:0.025]]
[2018.11.18-07.38.23:010][  0]LogConfig: Applying CVar settings from Section [TextureQuality@3] File [C:/Users/Lightning Mcqueen/Documents/Unreal Projects/EndlessRunner/Saved/Config/Windows/Scalability.ini]
[2018.11.18-07.38.23:010][  0]LogConfig: Setting CVar [[r.Streaming.MipBias:0]]
[2018.11.18-07.38.23:011][  0]LogConfig: Setting CVar [[r.Streaming.AmortizeCPUToGPUCopy:0]]
[2018.11.18-07.38.23:011][  0]LogConfig: Setting CVar [[r.Streaming.MaxNumTexturesToStreamPerFrame:0]]
[2018.11.18-07.38.23:011][  0]LogConfig: Setting CVar [[r.Streaming.Boost:1]]
[2018.11.18-07.38.23:011][  0]LogConfig: Setting CVar [[r.MaxAnisotropy:8]]
[2018.11.18-07.38.23:011][  0]LogConfig: Setting CVar [[r.Streaming.LimitPoolSizeToVRAM:0]]
[2018.11.18-07.38.23:011][  0]LogConfig: Setting CVar [[r.Streaming.PoolSize:1000]]
[2018.11.18-07.38.23:011][  0]LogConfig: Setting CVar [[r.Streaming.MaxEffectiveScreenSize:0]]
[2018.11.18-07.38.23:011][  0]LogConfig: Applying CVar settings from Section [EffectsQuality@3] File [C:/Users/Lightning Mcqueen/Documents/Unreal Projects/EndlessRunner/Saved/Config/Windows/Scalability.ini]
[2018.11.18-07.38.23:011][  0]LogConfig: Setting CVar [[r.TranslucencyLightingVolumeDim:64]]
[2018.11.18-07.38.23:011][  0]LogConfig: Setting CVar [[r.RefractionQuality:2]]
[2018.11.18-07.38.23:011][  0]LogConfig: Setting CVar [[r.SSR.Quality:3]]
[2018.11.18-07.38.23:011][  0]LogConfig: Setting CVar [[r.SceneColorFormat:4]]
[2018.11.18-07.38.23:011][  0]LogConfig: Setting CVar [[r.DetailMode:2]]
[2018.11.18-07.38.23:011][  0]LogConfig: Setting CVar [[r.TranslucencyVolumeBlur:1]]
[2018.11.18-07.38.23:011][  0]LogConfig: Setting CVar [[r.MaterialQualityLevel:1 ; High quality]]
[2018.11.18-07.38.23:011][  0]LogConfig: Setting CVar [[r.SSS.Scale:1]]
[2018.11.18-07.38.23:011][  0]LogConfig: Setting CVar [[r.SSS.SampleSet:2]]
[2018.11.18-07.38.23:011][  0]LogConfig: Setting CVar [[r.SSS.Quality:1]]
[2018.11.18-07.38.23:011][  0]LogConfig: Setting CVar [[r.SSS.HalfRes:1]]
[2018.11.18-07.38.23:011][  0]LogConfig: Setting CVar [[r.EmitterSpawnRateScale:1.0]]
[2018.11.18-07.38.23:011][  0]LogConfig: Setting CVar [[r.ParticleLightQuality:2]]
[2018.11.18-07.38.23:011][  0]LogConfig: Applying CVar settings from Section [FoliageQuality@3] File [C:/Users/Lightning Mcqueen/Documents/Unreal Projects/EndlessRunner/Saved/Config/Windows/Scalability.ini]
[2018.11.18-07.38.23:011][  0]LogConfig: Setting CVar [[foliage.DensityScale:1.0]]
[2018.11.18-07.38.23:011][  0]LogConfig: Setting CVar [[grass.DensityScale:1.0]]
[2018.11.18-07.38.23:011][  0]LogConfig: Applying CVar settings from Section [Startup] File [../../../Engine/Config/ConsoleVariables.ini]
[2018.11.18-07.38.23:012][  0]LogConfig: Setting CVar [[net.UseAdaptiveNetUpdateFrequency:0]]
[2018.11.18-07.38.23:012][  0]LogConfig: Applying CVar settings from Section [ConsoleVariables] File [C:/Users/Lightning Mcqueen/Documents/Unreal Projects/EndlessRunner/Saved/Config/Windows/Engine.ini]
[2018.11.18-07.38.23:012][  0]LogInit: Computer: LAPTOP-K9F8OJOR
[2018.11.18-07.38.23:012][  0]LogInit: User: LightningMcqueen
[2018.11.18-07.38.23:012][  0]LogInit: CPU Page size=4096, Cores=4
[2018.11.18-07.38.23:012][  0]LogInit: High frequency timer resolution =1.757814 MHz
[2018.11.18-07.38.23:013][  0]LogMemory: Memory total: Physical=3.9GB (4GB approx)
[2018.11.18-07.38.23:013][  0]LogMemory: Platform Memory Stats for Windows
[2018.11.18-07.38.23:013][  0]LogMemory: Process Physical Memory: 101.84 MB used, 101.84 MB peak
[2018.11.18-07.38.23:013][  0]LogMemory: Process Virtual Memory: 91.50 MB used, 91.50 MB peak
[2018.11.18-07.38.23:013][  0]LogMemory: Physical Memory: 2442.96 MB used,  1536.25 MB free, 3979.21 MB total
[2018.11.18-07.38.23:013][  0]LogMemory: Virtual Memory: 4633.54 MB used,  134213096.00 MB free, 134217728.00 MB total
[2018.11.18-07.38.23:050][  0]LogInit: Using OS detected language (en-GB).
[2018.11.18-07.38.23:050][  0]LogInit: Using OS detected locale (en-GB).
[2018.11.18-07.38.23:052][  0]LogTextLocalizationManager: No specific localization for 'en-GB' exists, so the 'en' localization will be used.
[2018.11.18-07.38.23:632][  0]LogStreaming: Display: Took  0.583s to InitEngineTextLocalization.
[2018.11.18-07.38.23:633][  0]LogInit: Setting process to per monitor DPI aware
[2018.11.18-07.38.23:684][  0]LogSlate: New Slate User Created.  User Index 0, Is Virtual User: 0
[2018.11.18-07.38.23:684][  0]LogSlate: Slate User Registered.  User Index 0, Is Virtual User: 0
[2018.11.18-07.38.24:095][  0]LogHMD: Failed to initialize OpenVR with code 110
[2018.11.18-07.38.24:095][  0]LogD3D11RHI: D3D11 adapters:
[2018.11.18-07.38.24:168][  0]LogD3D11RHI:    0. 'Intel(R) UHD Graphics 620' (Feature Level 11_0)
[2018.11.18-07.38.24:168][  0]LogD3D11RHI:       128/0/1989 MB DedicatedVideo/DedicatedSystem/SharedSystem, Outputs:1, VendorId:0x8086
[2018.11.18-07.38.24:174][  0]LogD3D11RHI:    1. 'Microsoft Basic Render Driver' (Feature Level 11_0)
[2018.11.18-07.38.24:174][  0]LogD3D11RHI:       0/0/1989 MB DedicatedVideo/DedicatedSystem/SharedSystem, Outputs:0, VendorId:0x1414
[2018.11.18-07.38.24:174][  0]LogD3D11RHI: Chosen D3D11 Adapter: 0
[2018.11.18-07.38.24:184][  0]LogD3D11RHI: Creating new Direct3DDevice
[2018.11.18-07.38.24:185][  0]LogD3D11RHI:     GPU DeviceId: 0x5917 (for the marketing name, search the web for "GPU Device Id")
[2018.11.18-07.38.24:185][  0]LogWindows: EnumDisplayDevices:
[2018.11.18-07.38.24:185][  0]LogWindows:    0. 'Intel(R) UHD Graphics 620' (P:1 D:1)
[2018.11.18-07.38.24:186][  0]LogWindows:    1. 'Intel(R) UHD Graphics 620' (P:0 D:0)
[2018.11.18-07.38.24:187][  0]LogWindows:    2. 'Intel(R) UHD Graphics 620' (P:0 D:0)
[2018.11.18-07.38.24:187][  0]LogWindows: DebugString: FoundDriverCount:3 
[2018.11.18-07.38.24:187][  0]LogD3D11RHI:     Adapter Name: Intel(R) UHD Graphics 620
[2018.11.18-07.38.24:187][  0]LogD3D11RHI:   Driver Version: 23.20.16.5017 (internal:23.20.16.5017, unified:23.20.16.5017)
[2018.11.18-07.38.24:187][  0]LogD3D11RHI:      Driver Date: 3-27-2018
[2018.11.18-07.38.24:187][  0]LogRHI: Texture pool is 785 MB (70% of 1122 MB)
[2018.11.18-07.38.24:263][  0]LogD3D11RHI: [IntelMetricsDiscovery] Started
[2018.11.18-07.38.24:264][  0]LogD3D11RHI: Async texture creation enabled
[2018.11.18-07.38.24:273][  0]LogD3D11RHI: GPU Timing Frequency: 12.000048 (Debug: 2 0)
[2018.11.18-07.38.24:764][  0]LogTemp: Display: Loaded TP AllDesktopTargetPlatform
[2018.11.18-07.38.24:785][  0]LogTemp: Display: Loaded TP MacClientTargetPlatform
[2018.11.18-07.38.24:807][  0]LogTemp: Display: Loaded TP MacNoEditorTargetPlatform
[2018.11.18-07.38.24:829][  0]LogTemp: Display: Loaded TP MacServerTargetPlatform
[2018.11.18-07.38.24:853][  0]LogTemp: Display: Loaded TP MacTargetPlatform
[2018.11.18-07.38.24:875][  0]LogTemp: Display: Loaded TP WindowsClientTargetPlatform
[2018.11.18-07.38.24:897][  0]LogTemp: Display: Loaded TP WindowsNoEditorTargetPlatform
[2018.11.18-07.38.24:916][  0]LogTemp: Display: Loaded TP WindowsServerTargetPlatform
[2018.11.18-07.38.24:925][  0]LogTemp: Display: Loaded TP WindowsTargetPlatform
[2018.11.18-07.38.25:037][  0]LogTemp: Display: Loaded TP AndroidTargetPlatform
[2018.11.18-07.38.25:037][  0]LogTemp: Display: Loaded TP AndroidTargetPlatform
[2018.11.18-07.38.25:037][  0]LogTemp: Display: Loaded TP AndroidTargetPlatform
[2018.11.18-07.38.25:037][  0]LogTemp: Display: Loaded TP AndroidTargetPlatform
[2018.11.18-07.38.25:037][  0]LogTemp: Display: Loaded TP AndroidTargetPlatform
[2018.11.18-07.38.25:037][  0]LogTemp: Display: Loaded TP AndroidTargetPlatform
[2018.11.18-07.38.25:037][  0]LogTemp: Display: Loaded TP AndroidTargetPlatform
[2018.11.18-07.38.25:037][  0]LogTemp: Display: Loaded TP AndroidTargetPlatform
[2018.11.18-07.38.25:037][  0]LogTemp: Display: Loaded TP AndroidTargetPlatform
[2018.11.18-07.38.25:037][  0]LogTemp: Display: Loaded TP AndroidTargetPlatform
[2018.11.18-07.38.25:037][  0]LogTemp: Display: Loaded TP AndroidTargetPlatform
[2018.11.18-07.38.25:037][  0]LogTemp: Display: Loaded TP AndroidTargetPlatform
[2018.11.18-07.38.25:037][  0]LogTemp: Display: Loaded TP AndroidTargetPlatform
[2018.11.18-07.38.25:037][  0]LogTemp: Display: Loaded TP AndroidTargetPlatform
[2018.11.18-07.38.25:037][  0]LogTemp: Display: Loaded TP AndroidTargetPlatform
[2018.11.18-07.38.25:037][  0]LogTemp: Display: Loaded TP AndroidTargetPlatform
[2018.11.18-07.38.25:037][  0]LogTemp: Display: Loaded TP AndroidTargetPlatform
[2018.11.18-07.38.25:037][  0]LogTemp: Display: Loaded TP AndroidTargetPlatform
[2018.11.18-07.38.25:039][  0]LogTemp: Display: Loaded TP HTML5TargetPlatform
[2018.11.18-07.38.25:125][  0]LogTemp: Display: Loaded TP IOSTargetPlatform
[2018.11.18-07.38.25:125][  0]LogTemp: Display: Loaded TP IOSTargetPlatform
[2018.11.18-07.38.25:186][  0]LogTemp: Display: Loaded TP TVOSTargetPlatform
[2018.11.18-07.38.25:186][  0]LogTemp: Display: Loaded TP TVOSTargetPlatform
[2018.11.18-07.38.25:216][  0]LogTemp: Display: Loaded TP LinuxClientTargetPlatform
[2018.11.18-07.38.25:236][  0]LogTemp: Display: Loaded TP LinuxNoEditorTargetPlatform
[2018.11.18-07.38.25:259][  0]LogTemp: Display: Loaded TP LinuxServerTargetPlatform
[2018.11.18-07.38.25:283][  0]LogTemp: Display: Loaded TP LinuxTargetPlatform
[2018.11.18-07.38.25:371][  0]LogTemp: Display: Loaded TP LuminTargetPlatform
[2018.11.18-07.38.25:371][  0]LogTemp: Display: Loaded TP LuminTargetPlatform
[2018.11.18-07.38.25:371][  0]LogTargetPlatformManager: Display: Building Assets For Windows
[2018.11.18-07.38.25:474][  0]LogShaderCompilers: Guid format shader working directory is -24 characters bigger than the processId version (../../../../../../Users/Lightning Mcqueen/Documents/Unreal Projects/EndlessRunner/Intermediate/Shaders/WorkingDirectory/11708/).
[2018.11.18-07.38.25:476][  0]LogShaderCompilers: Cleaned the shader compiler working directory 'C:/Users/Lightning Mcqueen/AppData/Local/Temp/UnrealShaderWorkingDir/EAC213FD4628FE426CCD60B9537155DA/'.
[2018.11.18-07.38.25:479][  0]LogXGEController: Cannot use XGE Controller as Incredibuild is not installed on this machine.
[2018.11.18-07.38.25:479][  0]LogShaderCompilers: Cannot use XGE Shader Compiler as Incredibuild is not installed on this machine.
[2018.11.18-07.38.25:479][  0]LogShaderCompilers: Display: Using Local Shader Compiler.
[2018.11.18-07.38.26:296][  0]LogDerivedDataCache: Display: Max Cache Size: 512 MB
[2018.11.18-07.38.26:372][  0]LogDerivedDataCache: Loaded boot cache 0.08s 71MB C:/Users/Lightning Mcqueen/AppData/Local/UnrealEngine/4.21/DerivedDataCache/Boot.ddc.
[2018.11.18-07.38.26:372][  0]LogDerivedDataCache: Display: Loaded Boot cache: C:/Users/Lightning Mcqueen/AppData/Local/UnrealEngine/4.21/DerivedDataCache/Boot.ddc
[2018.11.18-07.38.26:372][  0]LogDerivedDataCache: FDerivedDataBackendGraph:  Pak pak cache file ../../../../../../Users/Lightning Mcqueen/Documents/Unreal Projects/EndlessRunner/DerivedDataCache/DDC.ddp not found, will not use a pak cache.
[2018.11.18-07.38.26:372][  0]LogDerivedDataCache: Unable to find inner node Pak for hierarchical cache Hierarchy.
[2018.11.18-07.38.26:372][  0]LogDerivedDataCache: FDerivedDataBackendGraph:  CompressedPak pak cache file ../../../../../../Users/Lightning Mcqueen/Documents/Unreal Projects/EndlessRunner/DerivedDataCache/Compressed.ddp not found, will not use a pak cache.
[2018.11.18-07.38.26:372][  0]LogDerivedDataCache: Unable to find inner node CompressedPak for hierarchical cache Hierarchy.
[2018.11.18-07.38.26:392][  0]LogDerivedDataCache: Display: Pak cache opened for reading ../../../Engine/DerivedDataCache/Compressed.ddp.
[2018.11.18-07.38.26:392][  0]LogDerivedDataCache: FDerivedDataBackendGraph:  EnterprisePak pak cache file ../../../Enterprise/DerivedDataCache/Compressed.ddp not found, will not use a pak cache.
[2018.11.18-07.38.26:392][  0]LogDerivedDataCache: Unable to find inner node EnterprisePak for hierarchical cache Hierarchy.
[2018.11.18-07.38.26:405][  0]LogDerivedDataCache: Using Local data cache path C:/Users/Lightning Mcqueen/AppData/Local/UnrealEngine/Common/DerivedDataCache: Writable
[2018.11.18-07.38.26:405][  0]LogDerivedDataCache: Shared data cache path not found in *engine.ini, will not use an Shared cache.
[2018.11.18-07.38.26:405][  0]LogDerivedDataCache: Unable to find inner node Shared for hierarchical cache Hierarchy.
[2018.11.18-07.38.26:437][  0]LogMaterial: Verifying Global Shaders for PCD3D_SM5
[2018.11.18-07.38.26:439][  0]LogSlate: Using FreeType 2.6.0
[2018.11.18-07.38.26:440][  0]LogSlate: SlateFontServices - WITH_FREETYPE: 1, WITH_HARFBUZZ: 1
[2018.11.18-07.38.26:573][  0]LogAssetRegistry: FAssetRegistry took 0.0397 seconds to start up
[2018.11.18-07.38.27:080][  0]LogInit: Selected Device Profile: [Windows]
[2018.11.18-07.38.27:329][  0]LogSimplygon: Simplygon DLL not present - disabling.
[2018.11.18-07.38.27:335][  0]LogMeshReduction: Using SimplygonSwarm for distributed automatic mesh merging
[2018.11.18-07.38.27:335][  0]LogMeshReduction: Using ProxyLODMeshReduction for automatic mesh merging
[2018.11.18-07.38.27:335][  0]LogMeshReduction: Using QuadricMeshReduction for automatic static mesh reduction
[2018.11.18-07.38.27:335][  0]LogMeshReduction: No automatic skeletal mesh reduction module available
[2018.11.18-07.38.27:358][  0]LogNetVersion: EndlessRunner 1.0.0, NetCL: 4541578, EngineNetVer: 5, GameNetVer: 0 (Checksum: 3296526462)
[2018.11.18-07.38.28:220][  0]LogPackageLocalizationCache: Processed 11 localized package path(s) for 2 prioritized culture(s) in 0.107439 seconds
[2018.11.18-07.38.28:231][  0]LogUObjectArray: 39775 objects as part of root set at end of initial load.
[2018.11.18-07.38.28:231][  0]LogUObjectAllocator: 6914656 out of 0 bytes used by permanent object pool.
[2018.11.18-07.38.28:231][  0]LogUObjectArray: CloseDisregardForGC: 0/0 objects in disregard for GC pool
[2018.11.18-07.38.29:757][  0]LogTcpMessaging: Initializing TcpMessaging bridge
[2018.11.18-07.38.29:772][  0]LogUdpMessaging: Initializing bridge on interface 0.0.0.0:0 to multicast group 230.0.0.1:6666.
[2018.11.18-07.38.31:035][  0]SourceControl: Source control is disabled
[2018.11.18-07.38.31:035][  0]SourceControl: Source control is disabled
[2018.11.18-07.38.31:037][  0]SourceControl: Source control is disabled
[2018.11.18-07.38.31:039][  0]SourceControl: Source control is disabled
[2018.11.18-07.38.31:252][  0]LogAndroidPermission: UAndroidPermissionCallbackProxy::GetInstance
[2018.11.18-07.38.31:402][  0]LogOcInput: OculusInput pre-init called
[2018.11.18-07.38.31:608][  0]LogEngine: Initializing Engine...
[2018.11.18-07.38.31:609][  0]LogHMD: Failed to initialize OpenVR with code 110
[2018.11.18-07.38.31:611][  0]LogStats: UGameplayTagsManager::ConstructGameplayTagTree: ImportINI prefixes -  0.000 s
[2018.11.18-07.38.31:611][  0]LogStats: UGameplayTagsManager::ConstructGameplayTagTree: Construct from data asset -  0.000 s
[2018.11.18-07.38.31:611][  0]LogStats: UGameplayTagsManager::ConstructGameplayTagTree: ImportINI -  0.000 s
[2018.11.18-07.38.31:611][  0]LogStats: UGameplayTagsManager::ConstructGameplayTagTree: GameplayTagTreeChangedEvent.Broadcast -  0.000 s
[2018.11.18-07.38.32:079][  0]LogInit: Initializing FReadOnlyCVARCache
[2018.11.18-07.38.32:106][  0]LogAIModule: Creating AISystem for world Untitled
[2018.11.18-07.38.32:275][  0]LogInit: XAudio2 using 'Speakers (Synaptics SmartAudio HD)' : 2 channels at 48 kHz using 16 bits per sample (channel mask 0x3)
[2018.11.18-07.38.32:696][  0]LogInit: FAudioDevice initialized.
[2018.11.18-07.38.32:696][  0]LogNetVersion: Set ProjectVersion to 1.0.0.0. Version Checksum will be recalculated on next use.
[2018.11.18-07.38.32:873][  0]LogDerivedDataCache: Saved boot cache 0.18s 71MB C:/Users/Lightning Mcqueen/AppData/Local/UnrealEngine/4.21/DerivedDataCache/Boot.ddc.
[2018.11.18-07.38.32:886][  0]LogInit: Texture streaming: Enabled
[2018.11.18-07.38.32:916][  0]LogEngineSessionManager: EngineSessionManager initialized
[2018.11.18-07.38.32:932][  0]LogInit: Transaction tracking system initialized
[2018.11.18-07.38.32:971][  0]BlueprintLog: New page: Editor Load
[2018.11.18-07.38.33:096][  0]LocalizationService: Localization service is disabled
[2018.11.18-07.38.33:703][  0]LogFileCache: Scanning file cache for directory 'C:/Users/Lightning Mcqueen/Documents/Unreal Projects/EndlessRunner/Content/' took 0.02s
[2018.11.18-07.38.33:703][  0]LogCook: Display: Max memory allowance for cook 16384mb min free memory 0mb
[2018.11.18-07.38.33:703][  0]LogCook: Display: Mobile HDR setting 1
[2018.11.18-07.38.33:703][  0]LogGameplayTags: Display: UGameplayTagsManager::DoneAddingNativeTags. DelegateIsBound: 0
[2018.11.18-07.38.33:703][  0]LogStats: UGameplayTagsManager::ConstructGameplayTagTree: ImportINI prefixes -  0.000 s
[2018.11.18-07.38.33:703][  0]LogStats: UGameplayTagsManager::ConstructGameplayTagTree: Construct from data asset -  0.000 s
[2018.11.18-07.38.33:703][  0]LogStats: UGameplayTagsManager::ConstructGameplayTagTree: ImportINI -  0.000 s
[2018.11.18-07.38.33:703][  0]LogStats: UGameplayTagsManager::ConstructGameplayTagTree: GameplayTagTreeChangedEvent.Broadcast -  0.000 s
[2018.11.18-07.38.33:917][  0]SourceControl: Source control is disabled
[2018.11.18-07.38.33:917][  0]Cmd: MAP LOAD FILE="../../../../../../Users/Lightning Mcqueen/Documents/Unreal Projects/EndlessRunner/Content/ThirdPersonBP/Maps/ThirdPersonExampleMap.umap" TEMPLATE=0 SHOWPROGRESS=1 FEATURELEVEL=3
[2018.11.18-07.38.33:917][  0]LightingResults: New page: Lighting Build
[2018.11.18-07.38.33:922][  0]MapCheck: New page: Map Check
[2018.11.18-07.38.33:922][  0]LightingResults: New page: Lighting Build
[2018.11.18-07.38.34:720][  0]LogAIModule: Creating AISystem for world ThirdPersonExampleMap
[2018.11.18-07.38.34:736][  0]LogEditorServer: Finished looking for orphan Actors (0.000 secs)
[2018.11.18-07.38.34:774][  0]Cmd: MAP CHECKDEP NOCLEARLOG
[2018.11.18-07.38.34:775][  0]MapCheck: Map check complete: 0 Error(s), 0 Warning(s), took 0.297ms to complete.
[2018.11.18-07.38.34:775][  0]LogFileHelpers: Loading map 'ThirdPersonExampleMap' took 0.858
[2018.11.18-07.38.34:941][  0]LogSlate: Updating window title bar state: overlay mode, drag disabled, window buttons hidden, title bar hidden
[2018.11.18-07.38.34:960][  0]LogSlate: Updating window title bar state: overlay mode, drag disabled, window buttons hidden, title bar hidden
[2018.11.18-07.38.34:977][  0]LogSlate: Updating window title bar state: overlay mode, drag disabled, window buttons hidden, title bar hidden
[2018.11.18-07.38.34:994][  0]LogSlate: Updating window title bar state: overlay mode, drag disabled, window buttons hidden, title bar hidden
[2018.11.18-07.38.35:014][  0]LogCollectionManager: Loaded 0 collections in 0.006311 seconds
[2018.11.18-07.38.35:064][  0]LogFileCache: Scanning file cache for directory 'C:/Users/Lightning Mcqueen/Documents/Unreal Projects/EndlessRunner/Saved/Collections/' took 0.01s
[2018.11.18-07.38.35:064][  0]LogFileCache: Scanning file cache for directory 'C:/Users/Lightning Mcqueen/Documents/Unreal Projects/EndlessRunner/Content/Developers/LightningMcqueen/Collections/' took 0.01s
[2018.11.18-07.38.35:064][  0]LogFileCache: Scanning file cache for directory 'C:/Users/Lightning Mcqueen/Documents/Unreal Projects/EndlessRunner/Content/Collections/' took 0.01s
[2018.11.18-07.38.35:064][  0]LogCollectionManager: Rebuilt the GUID cache for 0 collections in 0.000001 seconds
[2018.11.18-07.38.35:084][  0]LogContentBrowser: Native class hierarchy populated in 0.0201 seconds. Added 2651 classes and 620 folders.
[2018.11.18-07.38.35:104][  0]LogContentBrowser: Native class hierarchy updated for 'WidgetCarousel' in 0.0005 seconds. Added 0 classes and 0 folders.
[2018.11.18-07.38.35:110][  0]LogPakFile: Registered encryption key '00000000000000000000000000000000': 0 pak files mounted, 0 remain pending
[2018.11.18-07.38.35:112][  0]LogPakFile: Registered encryption key '00000000000000000000000000000000': 0 pak files mounted, 0 remain pending
[2018.11.18-07.38.35:114][  0]LogPakFile: Registered encryption key '00000000000000000000000000000000': 0 pak files mounted, 0 remain pending
[2018.11.18-07.38.35:115][  0]LogPakFile: Registered encryption key '00000000000000000000000000000000': 0 pak files mounted, 0 remain pending
[2018.11.18-07.38.35:117][  0]LogPakFile: Registered encryption key '00000000000000000000000000000000': 0 pak files mounted, 0 remain pending
[2018.11.18-07.38.35:118][  0]LogPakFile: Registered encryption key '00000000000000000000000000000000': 0 pak files mounted, 0 remain pending
[2018.11.18-07.38.35:120][  0]LogPakFile: Registered encryption key '00000000000000000000000000000000': 0 pak files mounted, 0 remain pending
[2018.11.18-07.38.35:121][  0]LogPakFile: Registered encryption key '00000000000000000000000000000000': 0 pak files mounted, 0 remain pending
[2018.11.18-07.38.35:123][  0]LogPakFile: Registered encryption key '00000000000000000000000000000000': 0 pak files mounted, 0 remain pending
[2018.11.18-07.38.35:124][  0]LogPakFile: Registered encryption key '00000000000000000000000000000000': 0 pak files mounted, 0 remain pending
[2018.11.18-07.38.35:126][  0]LogPakFile: Registered encryption key '00000000000000000000000000000000': 0 pak files mounted, 0 remain pending
[2018.11.18-07.38.35:127][  0]LogPakFile: Registered encryption key '00000000000000000000000000000000': 0 pak files mounted, 0 remain pending
[2018.11.18-07.38.35:129][  0]LogPakFile: Registered encryption key '00000000000000000000000000000000': 0 pak files mounted, 0 remain pending
[2018.11.18-07.38.35:131][  0]LogPakFile: Registered encryption key '00000000000000000000000000000000': 0 pak files mounted, 0 remain pending
[2018.11.18-07.38.35:132][  0]LogPakFile: Registered encryption key '00000000000000000000000000000000': 0 pak files mounted, 0 remain pending
[2018.11.18-07.38.35:134][  0]LogPakFile: Registered encryption key '00000000000000000000000000000000': 0 pak files mounted, 0 remain pending
[2018.11.18-07.38.35:136][  0]LogPakFile: Registered encryption key '00000000000000000000000000000000': 0 pak files mounted, 0 remain pending
[2018.11.18-07.38.35:138][  0]LogPakFile: Registered encryption key '00000000000000000000000000000000': 0 pak files mounted, 0 remain pending
[2018.11.18-07.38.35:139][  0]LogPakFile: Registered encryption key '00000000000000000000000000000000': 0 pak files mounted, 0 remain pending
[2018.11.18-07.38.35:141][  0]LogPakFile: Registered encryption key '00000000000000000000000000000000': 0 pak files mounted, 0 remain pending
[2018.11.18-07.38.35:142][  0]LogPakFile: Registered encryption key '00000000000000000000000000000000': 0 pak files mounted, 0 remain pending
[2018.11.18-07.38.35:143][  0]LogPakFile: Registered encryption key '00000000000000000000000000000000': 0 pak files mounted, 0 remain pending
[2018.11.18-07.38.35:145][  0]LogPakFile: Registered encryption key '00000000000000000000000000000000': 0 pak files mounted, 0 remain pending
[2018.11.18-07.38.35:146][  0]LogPakFile: Registered encryption key '00000000000000000000000000000000': 0 pak files mounted, 0 remain pending
[2018.11.18-07.38.35:148][  0]LogPakFile: Registered encryption key '00000000000000000000000000000000': 0 pak files mounted, 0 remain pending
[2018.11.18-07.38.35:150][  0]LogPakFile: Registered encryption key '00000000000000000000000000000000': 0 pak files mounted, 0 remain pending
[2018.11.18-07.38.35:256][  0]LogContentBrowser: Native class hierarchy updated for 'AddContentDialog' in 0.0005 seconds. Added 0 classes and 0 folders.
[2018.11.18-07.38.35:266][  0]LogContentBrowser: Native class hierarchy updated for 'SceneOutliner' in 0.0004 seconds. Added 1 classes and 2 folders.
[2018.11.18-07.38.35:286][  0]LogSlate: Took 0.000366 seconds to synchronously load lazily loaded font '../../../Engine/Content/Slate/Fonts/Roboto-Regular.ttf' (155K)
[2018.11.18-07.38.35:290][  0]LogSlate: Took 0.000397 seconds to synchronously load lazily loaded font '../../../Engine/Content/Slate/Fonts/Roboto-Bold.ttf' (160K)
[2018.11.18-07.38.35:297][  0]LogSlate: Took 0.000317 seconds to synchronously load lazily loaded font '../../../Engine/Content/Editor/Slate/Fonts/FontAwesome.ttf' (139K)
[2018.11.18-07.38.35:449][  0]LogRenderer: Reallocating scene render targets to support 964x436 Format 10 NumSamples 1 (Frame:1).
[2018.11.18-07.38.36:190][  0]LogContentBrowser: Native class hierarchy updated for 'HierarchicalLODOutliner' in 0.0006 seconds. Added 0 classes and 0 folders.
[2018.11.18-07.38.36:190][  0]LogLoad: (Engine Initialization) Total time: 16.33 seconds
[2018.11.18-07.38.36:190][  0]LogLoad: (Engine Initialization) Total Blueprint compile time: 0.00 seconds
[2018.11.18-07.38.36:212][  0]LogWindowsTextInputMethodSystem: Display: IME system now deactivated.
[2018.11.18-07.38.36:308][  0]LogContentStreaming: Texture pool size now 1000 MB
[2018.11.18-07.38.36:364][  0]LogSlate: Took 0.000463 seconds to synchronously load lazily loaded font '../../../Engine/Content/Slate/Fonts/Roboto-Light.ttf' (167K)
[2018.11.18-07.38.36:460][  2]LogAssetRegistry: Asset discovery search completed in 9.9100 seconds
[2018.11.18-07.38.36:462][  2]LogCollectionManager: Rebuilt the object cache for 0 collections in 0.000000 seconds (found 0 objects)
[2018.11.18-07.38.36:462][  2]LogCollectionManager: Fixed up redirectors for 0 collections in 0.000067 seconds (updated 0 objects)
[2018.11.18-07.38.41:635][107]LogSlate: FSceneViewport::OnFocusLost() reason 0
[2018.11.18-07.38.45:933][206]LogSlate: Window 'Tutorials' being destroyed
[2018.11.18-07.39.01:499][697]Cmd: MAP LOAD FILE="../../../../../../Users/Lightning Mcqueen/Documents/Unreal Projects/EndlessRunner/Content/NewMap.umap" TEMPLATE=0 SHOWPROGRESS=1 FEATURELEVEL=3
[2018.11.18-07.39.01:506][697]LogSlate: Took 0.000604 seconds to synchronously load lazily loaded font '../../../Engine/Content/Slate/Fonts/Roboto-Light.ttf' (167K)
[2018.11.18-07.39.01:538][697]LightingResults: New page: Lighting Build
[2018.11.18-07.39.01:540][697]LoadErrors: New page: Loading map: NewMap.umap
[2018.11.18-07.39.01:543][697]MapCheck: New page: Map Check
[2018.11.18-07.39.01:543][697]LightingResults: New page: Lighting Build
[2018.11.18-07.39.01:623][697]LogAIModule: Creating AISystem for world NewMap
[2018.11.18-07.39.01:637][697]LogEditorServer: Finished looking for orphan Actors (0.000 secs)
[2018.11.18-07.39.01:705][697]Cmd: MAP CHECKDEP NOCLEARLOG
[2018.11.18-07.39.01:706][697]MapCheck: Map check complete: 0 Error(s), 0 Warning(s), took 0.31ms to complete.
[2018.11.18-07.39.01:706][697]LogFileHelpers: Loading map 'NewMap' took 0.208
[2018.11.18-07.39.01:710][697]LogSlate: Window 'Open Level' being destroyed
[2018.11.18-07.39.03:992][753]LogTemp: Repeating last play command: Selected Viewport
[2018.11.18-07.39.04:022][753]LogBlueprintUserMessages: Early PlayInEditor Detection: Level '/Game/NewMap.NewMap:PersistentLevel' has LevelScriptBlueprint '/Game/NewMap.NewMap:PersistentLevel.NewMap' with GeneratedClass '/Game/NewMap.NewMap_C' with ClassGeneratedBy '/Game/NewMap.NewMap:PersistentLevel.NewMap'
[2018.11.18-07.39.04:023][753]LogPlayLevel: PlayLevel: No blueprints needed recompiling
[2018.11.18-07.39.04:025][753]PIE: New page: PIE session: NewMap (18 Nov 2018 07:39:04)
[2018.11.18-07.39.04:042][753]LogPlayLevel: Creating play world package: /Game/UEDPIE_0_NewMap
[2018.11.18-07.39.04:051][753]LogPlayLevel: PIE: StaticDuplicateObject took: (0.008744s)
[2018.11.18-07.39.04:052][753]LogAIModule: Creating AISystem for world NewMap
[2018.11.18-07.39.04:053][753]LogPlayLevel: PIE: World Init took: (0.001529s)
[2018.11.18-07.39.04:053][753]LogPlayLevel: PIE: Created PIE world by copying editor world from /Game/NewMap.NewMap to /Game/UEDPIE_0_NewMap.NewMap (0.010963s)
[2018.11.18-07.39.04:127][753]LogInit: XAudio2 using 'Speakers (Synaptics SmartAudio HD)' : 2 channels at 48 kHz using 16 bits per sample (channel mask 0x3)
[2018.11.18-07.39.04:354][753]LogInit: FAudioDevice initialized.
[2018.11.18-07.39.04:529][753]LogLoad: Game class is 'ThirdPersonGameMode_C'
[2018.11.18-07.39.04:541][753]LogWorld: Bringing World /Game/UEDPIE_0_NewMap.NewMap up for play (max tick rate 60) at 2018.11.18-07.39.04
[2018.11.18-07.39.04:544][753]LogWorld: Bringing up level for play took: 0.004272
[2018.11.18-07.39.04:593][753]LogContentBrowser: Native class hierarchy updated for 'MovieSceneCapture' in 0.0008 seconds. Added 20 classes and 0 folders.
[2018.11.18-07.39.04:621][753]PIE: Play in editor start time for /Game/UEDPIE_0_NewMap 0.519
[2018.11.18-07.39.04:621][753]LogBlueprintUserMessages: Late PlayInEditor Detection: Level '/Game/NewMap.NewMap:PersistentLevel' has LevelScriptBlueprint '/Game/NewMap.NewMap:PersistentLevel.NewMap' with GeneratedClass '/Game/NewMap.NewMap_C' with ClassGeneratedBy '/Game/NewMap.NewMap:PersistentLevel.NewMap'
[2018.11.18-07.39.04:701][754]LogCharacterMovement: Warning: GetSimulationTimeStep() - Max iterations 8 hit while remaining time 0.073855 > MaxSimulationTimeStep (0.050) for 'ThirdPersonCharacter_C_0', movement 'Walking'
[2018.11.18-07.40.28:132][741]LogBlueprintUserMessages: Early EndPlayMap Detection: Level '/Game/NewMap.NewMap:PersistentLevel' has LevelScriptBlueprint '/Game/NewMap.NewMap:PersistentLevel.NewMap' with GeneratedClass '/Game/NewMap.NewMap_C' with ClassGeneratedBy '/Game/NewMap.NewMap:PersistentLevel.NewMap'
[2018.11.18-07.40.28:137][741]LogSlate: Updating window title bar state: overlay mode, drag disabled, window buttons hidden, title bar hidden
[2018.11.18-07.40.28:245][741]LogPlayLevel: Display: Shutting down PIE online subsystems
[2018.11.18-07.40.28:246][741]LogBlueprintUserMessages: Late EndPlayMap Detection: Level '/Game/NewMap.NewMap:PersistentLevel' has LevelScriptBlueprint '/Game/NewMap.NewMap:PersistentLevel.NewMap' with GeneratedClass '/Game/NewMap.NewMap_C' with ClassGeneratedBy '/Game/NewMap.NewMap:PersistentLevel.NewMap'
[2018.11.18-07.40.28:318][741]LogSlate: Updating window title bar state: overlay mode, drag disabled, window buttons hidden, title bar hidden
[2018.11.18-07.40.28:380][742]LogPlayLevel: Display: Destroying online subsystem :Context_1
[2018.11.18-07.44.18:057][636]LogSlate: FSceneViewport::OnFocusLost() reason 0
[2018.11.18-07.54.13:340][357]LogSlate: Window 'EndlessRunner - Unreal Editor' being destroyed
[2018.11.18-07.54.13:347][357]LogWindowsTextInputMethodSystem: Display: IME system now deactivated.
[2018.11.18-07.54.13:840][358]Cmd: QUIT_EDITOR
[2018.11.18-07.54.14:444][358]LogExit: Preparing to exit.
[2018.11.18-07.54.15:691][358]LogExit: Editor shut down
[2018.11.18-07.54.15:693][358]LogExit: Transaction tracking system shut down
[2018.11.18-07.54.16:292][358]LogExit: Object subsystem successfully closed.
[2018.11.18-07.54.16:333][358]LogShaderCompilers: Display: Shaders left to compile 0
[2018.11.18-07.54.16:338][358]LogD3D11RHI: Shutdown
[2018.11.18-07.54.16:338][358]LogD3D11RHI: CleanupD3DDevice
[2018.11.18-07.54.16:380][358]LogD3D11RHI: [IntelMetricsDiscovery] Stopped
[2018.11.18-07.54.16:380][358]LogD3D11RHI: ~FD3D11DynamicRHI
[2018.11.18-07.54.16:529][358]LogModuleManager: Shutting down and abandoning module MovieSceneCapture (626)
[2018.11.18-07.54.16:529][358]LogModuleManager: Shutting down and abandoning module Voice (624)
[2018.11.18-07.54.16:529][358]LogModuleManager: Shutting down and abandoning module HierarchicalLODOutliner (622)
[2018.11.18-07.54.16:530][358]LogModuleManager: Shutting down and abandoning module SceneOutliner (620)
[2018.11.18-07.54.16:530][358]LogModuleManager: Shutting down and abandoning module AddContentDialog (618)
[2018.11.18-07.54.16:531][358]LogModuleManager: Shutting down and abandoning module WidgetCarousel (617)
[2018.11.18-07.54.16:531][358]LogModuleManager: Shutting down and abandoning module EditorWidgets (614)
[2018.11.18-07.54.16:531][358]LogModuleManager: Shutting down and abandoning module CollectionManager (612)
[2018.11.18-07.54.16:532][358]LogModuleManager: Shutting down and abandoning module StatsViewer (610)
[2018.11.18-07.54.16:532][358]LogModuleManager: Shutting down and abandoning module FoliageEdit (608)
[2018.11.18-07.54.16:532][358]LogModuleManager: Shutting down and abandoning module LandscapeEditor (606)
[2018.11.18-07.54.16:533][358]LogModuleManager: Shutting down and abandoning module MeshPaintMode (604)
[2018.11.18-07.54.16:533][358]LogModuleManager: Shutting down and abandoning module SceneDepthPickerMode (602)
[2018.11.18-07.54.16:533][358]LogModuleManager: Shutting down and abandoning module ActorPickerMode (600)
[2018.11.18-07.54.16:533][358]LogModuleManager: Shutting down and abandoning module GeometryMode (598)
[2018.11.18-07.54.16:533][358]LogModuleManager: Shutting down and abandoning module TextureAlignMode (596)
[2018.11.18-07.54.16:533][358]LogModuleManager: Shutting down and abandoning module BspMode (594)
[2018.11.18-07.54.16:534][358]LogModuleManager: Shutting down and abandoning module PIEPreviewDeviceProfileSelector (592)
[2018.11.18-07.54.16:534][358]LogModuleManager: Shutting down and abandoning module SequenceRecorderSections (590)
[2018.11.18-07.54.16:534][358]LogModuleManager: Shutting down and abandoning module AutomationWorker (588)
[2018.11.18-07.54.16:534][358]LogModuleManager: Shutting down and abandoning module AudioCaptureEditor (586)
[2018.11.18-07.54.16:534][358]LogModuleManager: Shutting down and abandoning module MatineeToLevelSequence (584)
[2018.11.18-07.54.16:535][358]LogModuleManager: Shutting down and abandoning module LevelSequenceEditor (582)
[2018.11.18-07.54.16:536][358]LogModuleManager: Shutting down and abandoning module PlacementMode (581)
[2018.11.18-07.54.16:536][358]LogModuleManager: Shutting down and abandoning module MaterialEditor (580)
[2018.11.18-07.54.16:536][358]LogModuleManager: Shutting down and abandoning module WmfMediaFactory (576)
[2018.11.18-07.54.16:536][358]LogModuleManager: Shutting down and abandoning module WmfMediaEditor (574)
[2018.11.18-07.54.16:536][358]LogModuleManager: Shutting down and abandoning module WebMMediaFactory (572)
[2018.11.18-07.54.16:536][358]LogModuleManager: Shutting down and abandoning module WebMMediaEditor (570)
[2018.11.18-07.54.16:536][358]LogModuleManager: Shutting down and abandoning module WebMMedia (568)
[2018.11.18-07.54.16:536][358]LogModuleManager: Shutting down and abandoning module MediaPlayerEditor (566)
[2018.11.18-07.54.16:537][358]LogModuleManager: Shutting down and abandoning module MediaCompositingEditor (564)
[2018.11.18-07.54.16:537][358]LogModuleManager: Shutting down and abandoning module SequenceRecorder (563)
[2018.11.18-07.54.16:537][358]LogModuleManager: Shutting down and abandoning module OpenExrWrapper (560)
[2018.11.18-07.54.16:537][358]LogModuleManager: Shutting down and abandoning module ImgMediaFactory (558)
[2018.11.18-07.54.16:537][358]LogModuleManager: Shutting down and abandoning module ImgMediaEditor (556)
[2018.11.18-07.54.16:537][358]LogModuleManager: Shutting down and abandoning module AvfMediaFactory (554)
[2018.11.18-07.54.16:538][358]LogModuleManager: Shutting down and abandoning module AvfMediaEditor (552)
[2018.11.18-07.54.16:538][358]LogModuleManager: Shutting down and abandoning module AndroidMediaFactory (550)
[2018.11.18-07.54.16:538][358]LogModuleManager: Shutting down and abandoning module AndroidMediaEditor (548)
[2018.11.18-07.54.16:538][358]LogModuleManager: Shutting down and abandoning module MagicLeapCameraPreviewFactory (546)
[2018.11.18-07.54.16:538][358]LogModuleManager: Shutting down and abandoning module MagicLeapMediaFactory (544)
[2018.11.18-07.54.16:538][358]LogModuleManager: Shutting down and abandoning module MagicLeapMediaEditor (542)
[2018.11.18-07.54.16:538][358]LogModuleManager: Shutting down and abandoning module CharacterAI (540)
[2018.11.18-07.54.16:538][358]LogModuleManager: Shutting down and abandoning module SmartSnapping (538)
[2018.11.18-07.54.16:538][358]LogModuleManager: Shutting down and abandoning module SessionServices (536)
[2018.11.18-07.54.16:538][358]LogModuleManager: Shutting down and abandoning module ViewportSnapping (534)
[2018.11.18-07.54.16:538][358]LogModuleManager: Shutting down and abandoning module ViewportInteraction (532)
[2018.11.18-07.54.16:538][358]LogModuleManager: Shutting down and abandoning module ClothPainter (530)
[2018.11.18-07.54.16:538][358]LogModuleManager: Shutting down and abandoning module SkeletalMeshEditor (529)
[2018.11.18-07.54.16:539][358]LogModuleManager: Shutting down and abandoning module LogVisualizer (526)
[2018.11.18-07.54.16:539][358]LogModuleManager: Shutting down and abandoning module IntroTutorials (524)
[2018.11.18-07.54.16:540][358]LogModuleManager: Shutting down and abandoning module GameProjectGeneration (523)
[2018.11.18-07.54.16:540][358]LogModuleManager: Shutting down and abandoning module LuminPlatformEditor (520)
[2018.11.18-07.54.16:540][358]LogModuleManager: Shutting down and abandoning module IOSPlatformEditor (518)
[2018.11.18-07.54.16:541][358]LogModuleManager: Shutting down and abandoning module HTML5PlatformEditor (516)
[2018.11.18-07.54.16:541][358]LogModuleManager: Shutting down and abandoning module AndroidPlatformEditor (514)
[2018.11.18-07.54.16:541][358]LogModuleManager: Shutting down and abandoning module AndroidDeviceDetection (513)
[2018.11.18-07.54.16:933][358]LogModuleManager: Shutting down and abandoning module WindowsPlatformEditor (510)
[2018.11.18-07.54.16:933][358]LogModuleManager: Shutting down and abandoning module LuminRuntimeSettings (508)
[2018.11.18-07.54.16:933][358]LogModuleManager: Shutting down and abandoning module IOSRuntimeSettings (506)
[2018.11.18-07.54.16:933][358]LogModuleManager: Shutting down and abandoning module AndroidRuntimeSettings (504)
[2018.11.18-07.54.16:934][358]LogModuleManager: Shutting down and abandoning module TimeManagementEditor (502)
[2018.11.18-07.54.16:934][358]LogModuleManager: Shutting down and abandoning module InputBindingEditor (500)
[2018.11.18-07.54.16:938][358]LogModuleManager: Shutting down and abandoning module MergeActors (498)
[2018.11.18-07.54.16:939][358]LogModuleManager: Shutting down and abandoning module LocalizationDashboard (496)
[2018.11.18-07.54.16:940][358]LogModuleManager: Shutting down and abandoning module LocalizationService (495)
[2018.11.18-07.54.16:940][358]LogModuleManager: Shutting down and abandoning module HardwareTargeting (492)
[2018.11.18-07.54.16:941][358]LogModuleManager: Shutting down and abandoning module DeviceProfileEditor (490)
[2018.11.18-07.54.16:941][358]LogModuleManager: Shutting down and abandoning module UndoHistory (488)
[2018.11.18-07.54.16:942][358]LogModuleManager: Shutting down and abandoning module XmlParser (486)
[2018.11.18-07.54.16:942][358]LogModuleManager: Shutting down and abandoning module Blutility (484)
[2018.11.18-07.54.16:942][358]LogModuleManager: Shutting down and abandoning module ProjectSettingsViewer (482)
[2018.11.18-07.54.16:943][358]LogModuleManager: Shutting down and abandoning module ProjectTargetPlatformEditor (481)
[2018.11.18-07.54.16:944][358]LogModuleManager: Shutting down and abandoning module EditorSettingsViewer (478)
[2018.11.18-07.54.16:944][358]LogModuleManager: Shutting down and abandoning module SettingsEditor (476)
[2018.11.18-07.54.16:945][358]LogModuleManager: Shutting down and abandoning module ProjectLauncher (474)
[2018.11.18-07.54.16:946][358]LogModuleManager: Shutting down and abandoning module SessionFrontend (472)
[2018.11.18-07.54.16:947][358]LogModuleManager: Shutting down and abandoning module ProfilerClient (470)
[2018.11.18-07.54.16:948][358]LogModuleManager: Shutting down and abandoning module DeviceManager (468)
[2018.11.18-07.54.16:949][358]LogModuleManager: Shutting down and abandoning module TargetDeviceServices (467)
[2018.11.18-07.54.17:003][358]LogModuleManager: Shutting down and abandoning module AutomationController (464)
[2018.11.18-07.54.17:005][358]LogModuleManager: Shutting down and abandoning module AutomationWindow (462)
[2018.11.18-07.54.17:006][358]LogModuleManager: Shutting down and abandoning module Layers (460)
[2018.11.18-07.54.17:009][358]LogModuleManager: Shutting down and abandoning module ComponentVisualizers (458)
[2018.11.18-07.54.17:009][358]LogModuleManager: Shutting down and abandoning module DetailCustomizations (456)
[2018.11.18-07.54.17:011][358]LogModuleManager: Shutting down and abandoning module PackagesDialog (454)
[2018.11.18-07.54.17:012][358]LogModuleManager: Shutting down and abandoning module Persona (452)
[2018.11.18-07.54.17:015][358]LogModuleManager: Shutting down and abandoning module AdvancedPreviewScene (451)
[2018.11.18-07.54.17:015][358]LogModuleManager: Shutting down and abandoning module AnimGraph (449)
[2018.11.18-07.54.17:015][358]LogModuleManager: Shutting down and abandoning module Kismet (446)
[2018.11.18-07.54.17:018][358]LogModuleManager: Shutting down and abandoning module GraphEditor (444)
[2018.11.18-07.54.17:021][358]LogModuleManager: Shutting down and abandoning module ClassViewer (442)
[2018.11.18-07.54.17:021][358]LogModuleManager: Shutting down and abandoning module Toolbox (440)
[2018.11.18-07.54.17:021][358]LogModuleManager: Shutting down and abandoning module ModuleUI (438)
[2018.11.18-07.54.17:021][358]LogModuleManager: Shutting down and abandoning module MovieSceneTools (436)
[2018.11.18-07.54.17:022][358]LogModuleManager: Shutting down and abandoning module OutputLog (434)
[2018.11.18-07.54.17:022][358]LogModuleManager: Shutting down and abandoning module GammaUI (432)
[2018.11.18-07.54.17:022][358]LogModuleManager: Shutting down and abandoning module Documentation (430)
[2018.11.18-07.54.17:022][358]LogModuleManager: Shutting down and abandoning module MovieSceneTracks (428)
[2018.11.18-07.54.17:023][358]LogModuleManager: Shutting down and abandoning module MovieScene (426)
[2018.11.18-07.54.17:023][358]LogModuleManager: Shutting down and abandoning module StreamingPauseRendering (424)
[2018.11.18-07.54.17:024][358]LogModuleManager: Shutting down and abandoning module LauncherPlatform (422)
[2018.11.18-07.54.17:024][358]LogModuleManager: Shutting down and abandoning module AnalyticsET (420)
[2018.11.18-07.54.17:024][358]LogModuleManager: Shutting down and abandoning module PortalServices (418)
[2018.11.18-07.54.17:024][358]LogModuleManager: Shutting down and abandoning module PortalRpc (416)
[2018.11.18-07.54.17:024][358]LogModuleManager: Shutting down and abandoning module MessagingRpc (414)
[2018.11.18-07.54.17:024][358]LogModuleManager: Shutting down and abandoning module AIModule (412)
[2018.11.18-07.54.17:025][358]LogModuleManager: Shutting down and abandoning module GameplayDebugger (411)
[2018.11.18-07.54.17:026][358]LogModuleManager: Shutting down and abandoning module AITestSuite (409)
[2018.11.18-07.54.17:027][358]LogModuleManager: Shutting down and abandoning module NavigationSystem (407)
[2018.11.18-07.54.17:027][358]LogModuleManager: Shutting down and abandoning module DesktopPlatform (404)
[2018.11.18-07.54.17:027][358]LogModuleManager: Shutting down and abandoning module ImageWriteQueue (402)
[2018.11.18-07.54.17:036][358]LogModuleManager: Shutting down and abandoning module ProfilerService (400)
[2018.11.18-07.54.17:196][358]LogModuleManager: Shutting down and abandoning module TaskGraph (398)
[2018.11.18-07.54.17:201][358]LogModuleManager: Shutting down and abandoning module SteamVRController (396)
[2018.11.18-07.54.17:201][358]LogModuleManager: Shutting down and abandoning module ProceduralMeshComponentEditor (394)
[2018.11.18-07.54.17:202][358]LogModuleManager: Shutting down and abandoning module ProceduralMeshComponent (392)
[2018.11.18-07.54.17:202][358]LogModuleManager: Shutting down and abandoning module OculusInput (390)
[2018.11.18-07.54.17:202][358]LogModuleManager: Shutting down and abandoning module MobilePatchingUtils (388)
[2018.11.18-07.54.17:202][358]LogModuleManager: Shutting down and abandoning module EditableMesh (386)
[2018.11.18-07.54.17:203][358]LogModuleManager: Shutting down and abandoning module CustomMeshComponent (384)
[2018.11.18-07.54.17:203][358]LogModuleManager: Shutting down and abandoning module CableComponent (382)
[2018.11.18-07.54.17:203][358]LogModuleManager: Shutting down and abandoning module AudioCapture (380)
[2018.11.18-07.54.17:204][358]LogModuleManager: Shutting down and abandoning module ArchVisCharacter (378)
[2018.11.18-07.54.17:204][358]LogModuleManager: Shutting down and abandoning module AndroidPermission (376)
[2018.11.18-07.54.17:204][358]LogModuleManager: Shutting down and abandoning module NUTUnrealEngine4 (374)
[2018.11.18-07.54.17:205][358]LogModuleManager: Shutting down and abandoning module NetcodeUnitTest (372)
[2018.11.18-07.54.17:207][358]LogModuleManager: Shutting down and abandoning module MediaCompositing (370)
[2018.11.18-07.54.17:207][358]LogModuleManager: Shutting down and abandoning module LinearTimecode (368)
[2018.11.18-07.54.17:207][358]LogModuleManager: Shutting down and abandoning module ImgMedia (366)
[2018.11.18-07.54.17:220][358]LogModuleManager: Shutting down and abandoning module HTML5Networking (364)
[2018.11.18-07.54.17:220][358]LogModuleManager: Shutting down and abandoning module GeometryCacheTracks (362)
[2018.11.18-07.54.17:220][358]LogModuleManager: Shutting down and abandoning module GeometryCacheSequencer (360)
[2018.11.18-07.54.17:220][358]LogModuleManager: Shutting down and abandoning module BackChannel (358)
[2018.11.18-07.54.17:221][358]LogModuleManager: Shutting down and abandoning module AppleVision (356)
[2018.11.18-07.54.17:221][358]LogModuleManager: Shutting down and abandoning module AppleImageUtilsBlueprintSupport (354)
[2018.11.18-07.54.17:221][358]LogModuleManager: Shutting down and abandoning module AppleImageUtils (352)
[2018.11.18-07.54.17:221][358]LogModuleManager: Shutting down and abandoning module AlembicImporter (350)
[2018.11.18-07.54.17:221][358]LogModuleManager: Shutting down and abandoning module AlembicLibrary (349)
[2018.11.18-07.54.17:221][358]LogModuleManager: Shutting down and abandoning module GeometryCache (348)
[2018.11.18-07.54.17:221][358]LogModuleManager: Shutting down and abandoning module GeometryCacheEd (347)
[2018.11.18-07.54.17:221][358]LogModuleManager: Shutting down and abandoning module VariantManagerContent (342)
[2018.11.18-07.54.17:221][358]LogModuleManager: Shutting down and abandoning module DatasmithContentEditor (340)
[2018.11.18-07.54.17:222][358]LogModuleManager: Shutting down and abandoning module SpeedTreeImporter (338)
[2018.11.18-07.54.17:222][358]LogModuleManager: Shutting down and abandoning module PluginBrowser (336)
[2018.11.18-07.54.17:225][358]LogModuleManager: Shutting down and abandoning module MobileLauncherProfileWizard (334)
[2018.11.18-07.54.17:227][358]LogModuleManager: Shutting down and abandoning module PolygonModeling (332)
[2018.11.18-07.54.17:227][358]LogModuleManager: Shutting down and abandoning module MeshEditor (330)
[2018.11.18-07.54.17:227][358]LogModuleManager: Shutting down and abandoning module CryptoKeysOpenSSL (328)
[2018.11.18-07.54.17:228][358]LogModuleManager: Shutting down and abandoning module CryptoKeys (326)
[2018.11.18-07.54.17:228][358]LogModuleManager: Shutting down and abandoning module VisualStudioSourceCodeAccess (324)
[2018.11.18-07.54.17:229][358]LogModuleManager: Shutting down and abandoning module VisualStudioCodeSourceCodeAccess (322)
[2018.11.18-07.54.17:229][358]LogModuleManager: Shutting down and abandoning module UObjectPlugin (320)
[2018.11.18-07.54.17:229][358]LogModuleManager: Shutting down and abandoning module SubversionSourceControl (318)
[2018.11.18-07.54.17:230][358]LogModuleManager: Shutting down and abandoning module PerforceSourceControl (316)
[2018.11.18-07.54.17:233][358]LogModuleManager: Shutting down and abandoning module GitSourceControl (314)
[2018.11.18-07.54.17:234][358]LogModuleManager: Shutting down and abandoning module SourceControl (313)
[2018.11.18-07.54.17:234][358]LogModuleManager: Shutting down and abandoning module CLionSourceCodeAccess (310)
[2018.11.18-07.54.17:235][358]LogModuleManager: Shutting down and abandoning module ActorLayerUtilitiesEditor (308)
[2018.11.18-07.54.17:235][358]LogModuleManager: Shutting down and abandoning module ActorLayerUtilities (306)
[2018.11.18-07.54.17:236][358]LogModuleManager: Shutting down and abandoning module LightPropagationVolumeEditor (304)
[2018.11.18-07.54.17:236][358]LogModuleManager: Shutting down and abandoning module PaperTiledImporter (302)
[2018.11.18-07.54.17:236][358]LogModuleManager: Shutting down and abandoning module PaperSpriteSheetImporter (300)
[2018.11.18-07.54.17:237][358]LogModuleManager: Shutting down and abandoning module Paper2DEditor (298)
[2018.11.18-07.54.17:238][358]LogModuleManager: Shutting down and abandoning module MeshPaint (297)
[2018.11.18-07.54.17:239][358]LogModuleManager: Shutting down and abandoning module RuntimePhysXCooking (294)
[2018.11.18-07.54.17:239][358]LogModuleManager: Shutting down and abandoning module PhysXVehiclesEditor (292)
[2018.11.18-07.54.17:239][358]LogModuleManager: Shutting down and abandoning module PhysXVehicles (290)
[2018.11.18-07.54.17:239][358]LogModuleManager: Shutting down and abandoning module OculusEditor (288)
[2018.11.18-07.54.17:240][358]LogModuleManager: Shutting down and abandoning module LocationServicesBPLibrary (286)
[2018.11.18-07.54.17:240][358]LogModuleManager: Shutting down and abandoning module ActorSequence (284)
[2018.11.18-07.54.17:240][358]LogModuleManager: Shutting down and abandoning module UdpMessaging (282)
[2018.11.18-07.54.17:341][358]LogModuleManager: Shutting down and abandoning module TcpMessaging (280)
[2018.11.18-07.54.17:443][358]LogModuleManager: Shutting down and abandoning module MagicLeapAudio (278)
[2018.11.18-07.54.17:443][358]LogModuleManager: Shutting down and abandoning module GameplayTagsEditor (276)
[2018.11.18-07.54.17:444][358]LogModuleManager: Shutting down and abandoning module FacialAnimationEditor (274)
[2018.11.18-07.54.17:444][358]LogModuleManager: Shutting down and abandoning module FacialAnimation (272)
[2018.11.18-07.54.17:444][358]LogModuleManager: Shutting down and abandoning module DataValidation (270)
[2018.11.18-07.54.17:444][358]LogModuleManager: Shutting down and abandoning module AssetManagerEditor (268)
[2018.11.18-07.54.17:446][358]LogModuleManager: Shutting down and abandoning module LevelEditor (267)
[2018.11.18-07.54.17:450][358]LogModuleManager: Shutting down and abandoning module PixelInspectorModule (266)
[2018.11.18-07.54.17:451][358]LogModuleManager: Shutting down and abandoning module CommonMenuExtensions (264)
[2018.11.18-07.54.17:452][358]LogModuleManager: Shutting down and abandoning module MainFrame (262)
[2018.11.18-07.54.17:452][358]LogModuleManager: Shutting down and abandoning module HotReload (261)
[2018.11.18-07.54.17:454][358]LogModuleManager: Shutting down and abandoning module ContentBrowser (257)
[2018.11.18-07.54.17:461][358]LogModuleManager: Shutting down and abandoning module TreeMap (255)
[2018.11.18-07.54.17:462][358]LogModuleManager: Shutting down and abandoning module LightPropagationVolumeRuntime (252)
[2018.11.18-07.54.17:462][358]LogModuleManager: Shutting down and abandoning module AISupportModule (250)
[2018.11.18-07.54.17:462][358]LogModuleManager: Shutting down and abandoning module Paper2D (248)
[2018.11.18-07.54.17:462][358]LogModuleManager: Shutting down and abandoning module WindowsMoviePlayer (246)
[2018.11.18-07.54.17:463][358]LogModuleManager: Shutting down and abandoning module WebMMoviePlayer (244)
[2018.11.18-07.54.17:464][358]LogModuleManager: Shutting down and abandoning module WmfMedia (242)
[2018.11.18-07.54.17:471][358]LogModuleManager: Shutting down and abandoning module Media (241)
[2018.11.18-07.54.17:479][358]LogModuleManager: Shutting down and abandoning module PacketHandler (238)
[2018.11.18-07.54.17:479][358]LogModuleManager: Shutting down and abandoning module ClothingSystemEditor (236)
[2018.11.18-07.54.17:479][358]LogModuleManager: Shutting down and abandoning module ClothingSystemRuntime (234)
[2018.11.18-07.54.17:480][358]LogModuleManager: Shutting down and abandoning module MediaAssets (232)
[2018.11.18-07.54.17:480][358]LogModuleManager: Shutting down and abandoning module Overlay (230)
[2018.11.18-07.54.17:481][358]LogModuleManager: Shutting down and abandoning module OverlayEditor (229)
[2018.11.18-07.54.17:481][358]LogModuleManager: Shutting down and abandoning module VREditor (226)
[2018.11.18-07.54.17:482][358]LogModuleManager: Shutting down and abandoning module StringTableEditor (224)
[2018.11.18-07.54.17:483][358]LogModuleManager: Shutting down and abandoning module GameplayTasksEditor (222)
[2018.11.18-07.54.17:483][358]LogModuleManager: Shutting down and abandoning module BehaviorTreeEditor (220)
[2018.11.18-07.54.17:486][358]LogModuleManager: Shutting down and abandoning module FunctionalTesting (218)
[2018.11.18-07.54.17:486][358]LogModuleManager: Shutting down and abandoning module CollisionAnalyzer (216)
[2018.11.18-07.54.17:488][358]LogModuleManager: Shutting down and abandoning module WorkspaceMenuStructure (215)
[2018.11.18-07.54.17:489][358]LogModuleManager: Shutting down and abandoning module UMG (212)
[2018.11.18-07.54.17:490][358]LogModuleManager: Shutting down and abandoning module UMGEditor (211)
[2018.11.18-07.54.17:492][358]LogModuleManager: Shutting down and abandoning module Sequencer (210)
[2018.11.18-07.54.17:495][358]LogModuleManager: Shutting down and abandoning module MessageLog (207)
[2018.11.18-07.54.17:496][358]LogModuleManager: Shutting down and abandoning module SlateReflector (202)
[2018.11.18-07.54.17:499][358]LogModuleManager: Shutting down and abandoning module Slate (200)
[2018.11.18-07.54.17:499][358]LogModuleManager: Shutting down and abandoning module EditorStyle (198)
[2018.11.18-07.54.17:509][358]LogModuleManager: Shutting down and abandoning module MRMesh (196)
[2018.11.18-07.54.17:509][358]LogModuleManager: Shutting down and abandoning module SourceCodeAccess (194)
[2018.11.18-07.54.17:510][358]LogModuleManager: Shutting down and abandoning module HeadMountedDisplay (192)
[2018.11.18-07.54.17:510][358]LogModuleManager: Shutting down and abandoning module XAudio2 (190)
[2018.11.18-07.54.17:510][358]LogModuleManager: Shutting down and abandoning module Networking (188)
[2018.11.18-07.54.17:510][358]LogModuleManager: Shutting down and abandoning module Core (186)
[2018.11.18-07.54.17:510][358]LogModuleManager: Shutting down and abandoning module LevelSequence (184)
[2018.11.18-07.54.17:510][358]LogModuleManager: Shutting down and abandoning module KismetCompiler (182)
[2018.11.18-07.54.17:510][358]LogModuleManager: Shutting down and abandoning module MeshUtilities (180)
[2018.11.18-07.54.17:511][358]LogModuleManager: Shutting down and abandoning module MeshMergeUtilities (179)
[2018.11.18-07.54.17:512][358]LogModuleManager: Shutting down and abandoning module MeshReductionInterface (178)
[2018.11.18-07.54.17:512][358]LogModuleManager: Shutting down and abandoning module SimplygonSwarm (177)
[2018.11.18-07.54.17:513][358]LogModuleManager: Shutting down and abandoning module ProxyLODMeshReduction (175)
[2018.11.18-07.54.17:515][358]LogModuleManager: Shutting down and abandoning module SimplygonMeshReduction (173)
[2018.11.18-07.54.17:516][358]LogModuleManager: Shutting down and abandoning module QuadricMeshReduction (171)
[2018.11.18-07.54.17:517][358]LogModuleManager: Shutting down and abandoning module MaterialBaking (167)
[2018.11.18-07.54.17:518][358]LogModuleManager: Shutting down and abandoning module DirectoryWatcher (163)
[2018.11.18-07.54.17:519][358]LogModuleManager: Shutting down and abandoning module DerivedDataCache (160)
[2018.11.18-07.54.17:571][358]LogDerivedDataCache: Shutdown
[2018.11.18-07.54.17:571][358]LogModuleManager: Shutting down and abandoning module XGEController (158)
[2018.11.18-07.54.17:572][358]LogModuleManager: Shutting down and abandoning module TargetPlatform (156)
[2018.11.18-07.54.17:572][358]LogModuleManager: Shutting down and abandoning module VulkanShaderFormat (155)
[2018.11.18-07.54.17:573][358]LogModuleManager: Shutting down and abandoning module ShaderFormatVectorVM (153)
[2018.11.18-07.54.17:573][358]LogModuleManager: Shutting down and abandoning module ShaderFormatOpenGL (151)
[2018.11.18-07.54.17:574][358]LogModuleManager: Shutting down and abandoning module ShaderFormatD3D (149)
[2018.11.18-07.54.17:574][358]LogModuleManager: Shutting down and abandoning module MetalShaderFormat (147)
[2018.11.18-07.54.17:575][358]LogModuleManager: Shutting down and abandoning module TextureFormatUncompressed (145)
[2018.11.18-07.54.17:575][358]LogModuleManager: Shutting down and abandoning module TextureFormatPVR (143)
[2018.11.18-07.54.17:575][358]LogModuleManager: Shutting down and abandoning module TextureFormatDXT (141)
[2018.11.18-07.54.17:576][358]LogModuleManager: Shutting down and abandoning module TextureFormatIntelISPCTexComp (139)
[2018.11.18-07.54.17:577][358]LogModuleManager: Shutting down and abandoning module TextureFormatASTC (137)
[2018.11.18-07.54.17:577][358]LogModuleManager: Shutting down and abandoning module ImageWrapper (136)
[2018.11.18-07.54.17:577][358]LogModuleManager: Shutting down and abandoning module TextureFormatAndroid (133)
[2018.11.18-07.54.17:577][358]LogModuleManager: Shutting down and abandoning module AudioFormatOpus (131)
[2018.11.18-07.54.17:577][358]LogModuleManager: Shutting down and abandoning module AudioFormatOgg (129)
[2018.11.18-07.54.17:577][358]LogModuleManager: Shutting down and abandoning module AudioFormatADPCM (127)
[2018.11.18-07.54.17:577][358]LogModuleManager: Shutting down and abandoning module LuminTargetPlatform (125)
[2018.11.18-07.54.17:588][358]LogModuleManager: Shutting down and abandoning module LinuxTargetPlatform (123)
[2018.11.18-07.54.17:589][358]LogModuleManager: Shutting down and abandoning module LinuxServerTargetPlatform (121)
[2018.11.18-07.54.17:589][358]LogModuleManager: Shutting down and abandoning module LinuxNoEditorTargetPlatform (119)
[2018.11.18-07.54.17:589][358]LogModuleManager: Shutting down and abandoning module LinuxClientTargetPlatform (117)
[2018.11.18-07.54.17:589][358]LogModuleManager: Shutting down and abandoning module TVOSTargetPlatform (115)
[2018.11.18-07.54.17:597][358]LogModuleManager: Shutting down and abandoning module Messaging (113)
[2018.11.18-07.54.17:597][358]LogModuleManager: Shutting down and abandoning module IOSTargetPlatform (111)
[2018.11.18-07.54.17:606][358]LogModuleManager: Shutting down and abandoning module HTML5TargetPlatform (109)
[2018.11.18-07.54.17:606][358]LogModuleManager: Shutting down and abandoning module AndroidTargetPlatform (107)
[2018.11.18-07.54.17:716][358]LogModuleManager: Shutting down and abandoning module WindowsTargetPlatform (105)
[2018.11.18-07.54.17:716][358]LogModuleManager: Shutting down and abandoning module WindowsServerTargetPlatform (103)
[2018.11.18-07.54.17:717][358]LogModuleManager: Shutting down and abandoning module WindowsNoEditorTargetPlatform (101)
[2018.11.18-07.54.17:717][358]LogModuleManager: Shutting down and abandoning module WindowsClientTargetPlatform (99)
[2018.11.18-07.54.17:717][358]LogModuleManager: Shutting down and abandoning module MacTargetPlatform (97)
[2018.11.18-07.54.17:717][358]LogModuleManager: Shutting down and abandoning module MacServerTargetPlatform (95)
[2018.11.18-07.54.17:717][358]LogModuleManager: Shutting down and abandoning module MacNoEditorTargetPlatform (93)
[2018.11.18-07.54.17:718][358]LogModuleManager: Shutting down and abandoning module MacClientTargetPlatform (91)
[2018.11.18-07.54.17:718][358]LogModuleManager: Shutting down and abandoning module AllDesktopTargetPlatform (89)
[2018.11.18-07.54.17:718][358]LogModuleManager: Shutting down and abandoning module InputCore (86)
[2018.11.18-07.54.17:718][358]LogModuleManager: Shutting down and abandoning module Settings (84)
[2018.11.18-07.54.17:719][358]LogModuleManager: Shutting down and abandoning module PhysXCooking (82)
[2018.11.18-07.54.17:719][358]LogModuleManager: Shutting down and abandoning module SteamVR (80)
[2018.11.18-07.54.17:719][358]LogHMD: Freeing OpenVRDLLHandle.
[2018.11.18-07.54.17:720][358]LogModuleManager: Shutting down and abandoning module OculusHMD (78)
[2018.11.18-07.54.17:720][358]LogModuleManager: Shutting down and abandoning module ExampleDeviceProfileSelector (76)
[2018.11.18-07.54.17:721][358]LogModuleManager: Shutting down and abandoning module LauncherChunkInstaller (74)
[2018.11.18-07.54.17:721][358]LogModuleManager: Shutting down and abandoning module OnlineBlueprintSupport (72)
[2018.11.18-07.54.17:721][358]LogModuleManager: Shutting down and abandoning module OnlineSubsystem (68)
[2018.11.18-07.54.17:725][358]LogModuleManager: Shutting down and abandoning module XMPP (63)
[2018.11.18-07.54.17:799][358]LogModuleManager: Shutting down and abandoning module WebSockets (62)
[2018.11.18-07.54.17:835][358]LogModuleManager: Shutting down and abandoning module HTTP (59)
[2018.11.18-07.54.17:835][358]LogHttp: Display: Http module shutting down, but needs to wait on 1 outstanding Http requests:
[2018.11.18-07.54.17:835][358]LogHttp: Display: 	verb=[POST] url=[https://datarouter.ol.epicgames.com/datarouter/api/v1/public/data?SessionID=%7BC505C190-40DE-0CBA-6097-15AEF6FCBD58%7D&AppID=UEEditor.Rocket.Release&AppVersion=4.21.0-4541578%2B%2B%2BUE4%2BRelease-4.21&UserID=2a3a678247f67fb4449d0ea8ca4a538f%7Cf3cbcd1c764441b9b77af45ed2c58a64%7C2ab57f97-8046-4b28-a24b-a27193069064&AppEnvironment=datacollector-binary&UploadType=eteventstream] status=Processing
[2018.11.18-07.54.17:867][358]LogModuleManager: Shutting down and abandoning module SSL (58)
[2018.11.18-07.54.17:876][358]LogModuleManager: Shutting down and abandoning module MagicLeapIdentity (54)
[2018.11.18-07.54.17:876][358]LogModuleManager: Shutting down and abandoning module MagicLeapHelperVulkan (52)
[2018.11.18-07.54.17:876][358]LogModuleManager: Shutting down and abandoning module MagicLeapHelperOpenGL (50)
[2018.11.18-07.54.17:876][358]LogModuleManager: Shutting down and abandoning module MagicLeapSecureStorage (48)
[2018.11.18-07.54.17:876][358]LogModuleManager: Shutting down and abandoning module MagicLeapHandTracking (46)
[2018.11.18-07.54.17:877][358]LogModuleManager: Shutting down and abandoning module MagicLeapEyeTracker (44)
[2018.11.18-07.54.17:877][358]LogModuleManager: Shutting down and abandoning module MagicLeapController (42)
[2018.11.18-07.54.17:879][358]LogSlate: Slate User Destroyed.  User Index 0, Is Virtual User: 0
[2018.11.18-07.54.17:879][358]LogModuleManager: Shutting down and abandoning module MagicLeap (40)
[2018.11.18-07.54.17:880][358]LogModuleManager: Shutting down and abandoning module DatasmithContent (38)
[2018.11.18-07.54.17:883][358]LogModuleManager: Shutting down and abandoning module AnimationModifiers (36)
[2018.11.18-07.54.17:884][358]LogModuleManager: Shutting down and abandoning module PropertyEditor (35)
[2018.11.18-07.54.17:887][358]LogModuleManager: Shutting down and abandoning module AudioEditor (32)
[2018.11.18-07.54.17:889][358]LogModuleManager: Shutting down and abandoning module TextureCompressor (30)
[2018.11.18-07.54.17:890][358]LogModuleManager: Shutting down and abandoning module ShaderCore (28)
[2018.11.18-07.54.17:890][358]LogModuleManager: Shutting down and abandoning module Landscape (26)
[2018.11.18-07.54.17:891][358]LogModuleManager: Shutting down and abandoning module SlateRHIRenderer (24)
[2018.11.18-07.54.17:894][358]LogModuleManager: Shutting down and abandoning module OpenGLDrv (22)
[2018.11.18-07.54.17:895][358]LogModuleManager: Shutting down and abandoning module D3D11RHI (20)
[2018.11.18-07.54.17:896][358]LogModuleManager: Shutting down and abandoning module AnimGraphRuntime (18)
[2018.11.18-07.54.17:896][358]LogModuleManager: Shutting down and abandoning module Renderer (16)
[2018.11.18-07.54.17:896][358]LogModuleManager: Shutting down and abandoning module Engine (14)
[2018.11.18-07.54.17:896][358]LogModuleManager: Shutting down and abandoning module CoreUObject (12)
[2018.11.18-07.54.17:896][358]LogModuleManager: Shutting down and abandoning module NetworkFile (10)
[2018.11.18-07.54.17:897][358]LogModuleManager: Shutting down and abandoning module CookedIterativeFile (8)
[2018.11.18-07.54.17:897][358]LogModuleManager: Shutting down and abandoning module StreamingFile (6)
[2018.11.18-07.54.17:898][358]LogModuleManager: Shutting down and abandoning module SandboxFile (4)
[2018.11.18-07.54.17:898][358]LogModuleManager: Shutting down and abandoning module PakFile (2)
[2018.11.18-07.54.17:928][358]LogExit: Exiting.
[2018.11.18-07.54.17:952][358]Log file closed, 11/18/18 07:54:17
